Copyright 1986-2019 Xilinx, Inc. All Rights Reserved.
-------------------------------------------------------------------------------------------
| Tool Version : Vivado v.2019.1 (win64) Build 2552052 Fri May 24 14:49:42 MDT 2019
| Date         : Sun Sep 26 14:54:10 2021
| Host         : DESKTOP-D13TGPE running 64-bit major release  (build 9200)
| Command      : report_control_sets -verbose -file uBlaze_wrapper_control_sets_placed.rpt
| Design       : uBlaze_wrapper
| Device       : xc7a35ti
-------------------------------------------------------------------------------------------

Control Set Information

Table of Contents
-----------------
1. Summary
2. Histogram
3. Flip-Flop Distribution
4. Detailed Control Set Information

1. Summary
----------

+----------------------------------------------------------+-------+
|                          Status                          | Count |
+----------------------------------------------------------+-------+
| Total control sets                                       |   151 |
|    Minimum number of control sets                        |   151 |
|    Addition due to synthesis replication                 |     0 |
|    Addition due to physical synthesis replication        |     0 |
| Unused register locations in slices containing registers |   373 |
+----------------------------------------------------------+-------+
* Control sets can be merged at opt_design using control_set_merge or merge_equivalent_drivers
** Run report_qor_suggestions for automated merging and remapping suggestions


2. Histogram
------------

+--------------------+-------+
|       Fanout       | Count |
+--------------------+-------+
| Total control sets |   151 |
| >= 0 to < 4        |    14 |
| >= 4 to < 6        |    21 |
| >= 6 to < 8        |    10 |
| >= 8 to < 10       |    50 |
| >= 10 to < 12      |    18 |
| >= 12 to < 14      |     1 |
| >= 14 to < 16      |     2 |
| >= 16              |    35 |
+--------------------+-------+
* Control sets can be remapped at either synth_design or opt_design


3. Flip-Flop Distribution
-------------------------

+--------------+-----------------------+------------------------+-----------------+--------------+
| Clock Enable | Synchronous Set/Reset | Asynchronous Set/Reset | Total Registers | Total Slices |
+--------------+-----------------------+------------------------+-----------------+--------------+
| No           | No                    | No                     |             320 |          114 |
| No           | No                    | Yes                    |              29 |            7 |
| No           | Yes                   | No                     |             465 |          174 |
| Yes          | No                    | No                     |             255 |           65 |
| Yes          | No                    | Yes                    |              15 |            9 |
| Yes          | Yes                   | No                     |            1263 |          355 |
+--------------+-----------------------+------------------------+-----------------+--------------+


4. Detailed Control Set Information
-----------------------------------

+--------------------------------------------------------------+----------------------------------------------------------------------------------------------------------------------------------------------------------------------------------------------------------+----------------------------------------------------------------------------------------------------------------------------------------------+------------------+----------------+
|                         Clock Signal                         |                                                                                               Enable Signal                                                                                              |                                                               Set/Reset Signal                                                               | Slice Load Count | Bel Load Count |
+--------------------------------------------------------------+----------------------------------------------------------------------------------------------------------------------------------------------------------------------------------------------------------+----------------------------------------------------------------------------------------------------------------------------------------------+------------------+----------------+
|  uBlaze_i/clk_wiz_0/inst/clk_out1                            | uBlaze_i/axi_iic_0/U0/X_IIC/REG_INTERFACE_I/p_3_in                                                                                                                                                       | uBlaze_i/axi_iic_0/U0/X_IIC/REG_INTERFACE_I/Tx_fifo_rst                                                                                      |                1 |              1 |
|  uBlaze_i/mdm_1/U0/No_Dbg_Reg_Access.BUFG_DRCK/Ext_JTAG_DRCK | uBlaze_i/mdm_1/U0/Use_E2.BSCAN_I/Use_BSCAN.PORT_Selector_reg[0]                                                                                                                                          | uBlaze_i/mdm_1/U0/MDM_Core_I1/JTAG_CONTROL_I/sel_with_scan_reset19_out                                                                       |                1 |              1 |
|  uBlaze_i/clk_wiz_0/inst/clk_out1                            | uBlaze_i/microblaze_0/U0/MicroBlaze_Core_I/Performance.Core/Decode_I/Use_MuxCy[3].OF_Piperun_Stage/MUXCY_I/Using_FPGA.Native_0                                                                           |                                                                                                                                              |                1 |              1 |
| ~uBlaze_i/mdm_1/U0/Use_E2.BSCAN_I/Dbg_Update_0               |                                                                                                                                                                                                          | uBlaze_i/mdm_1/U0/MDM_Core_I1/JTAG_CONTROL_I/sel_n                                                                                           |                1 |              1 |
|  uBlaze_i/mdm_1/U0/Use_E2.BSCAN_I/Dbg_Update_0               | uBlaze_i/microblaze_0/U0/MicroBlaze_Core_I/Performance.Core/Use_Debug_Logic.Master_Core.Debug_Perf/Control_Reg_En                                                                                        | uBlaze_i/microblaze_0/U0/MicroBlaze_Core_I/Performance.Core/Use_Debug_Logic.Master_Core.Debug_Perf/start_single_step_reg_n_0                 |                1 |              1 |
|  uBlaze_i/mdm_1/U0/Use_E2.BSCAN_I/Dbg_Update_0               | uBlaze_i/microblaze_0/U0/MicroBlaze_Core_I/Performance.Core/Use_Debug_Logic.Master_Core.Debug_Perf/Control_Reg_En                                                                                        | uBlaze_i/microblaze_0/U0/MicroBlaze_Core_I/Performance.Core/Use_Debug_Logic.Master_Core.Debug_Perf/Serial_Dbg_Intf.normal_stop_cmd_i_reg_n_0 |                1 |              1 |
|  uBlaze_i/clk_wiz_0/inst/clk_out1                            |                                                                                                                                                                                                          | uBlaze_i/microblaze_0/U0/MicroBlaze_Core_I/Performance.Core/Use_Debug_Logic.Master_Core.Debug_Perf/capture_1                                 |                1 |              1 |
|  uBlaze_i/mdm_1/U0/Use_E2.BSCAN_I/Dbg_Update_0               | uBlaze_i/microblaze_0/U0/MicroBlaze_Core_I/Performance.Core/Use_Debug_Logic.Master_Core.Debug_Perf/Control_Reg_En                                                                                        | uBlaze_i/microblaze_0/U0/MicroBlaze_Core_I/Performance.Core/Use_Debug_Logic.Master_Core.Debug_Perf/Serial_Dbg_Intf.force_stop_cmd_i_reg_0    |                1 |              1 |
| ~uBlaze_i/mdm_1/U0/No_Dbg_Reg_Access.BUFG_DRCK/Ext_JTAG_DRCK | uBlaze_i/mdm_1/U0/MDM_Core_I1/JTAG_CONTROL_I/Use_BSCAN.FDC_I/CE                                                                                                                                          | uBlaze_i/mdm_1/U0/MDM_Core_I1/JTAG_CONTROL_I/Use_BSCAN.FDC_I/D_1                                                                             |                1 |              1 |
|  uBlaze_i/mdm_1/U0/Use_E2.BSCAN_I/Dbg_Update_0               | uBlaze_i/microblaze_0/U0/MicroBlaze_Core_I/Performance.Core/Use_Debug_Logic.Master_Core.Debug_Perf/Control_Reg_En                                                                                        | uBlaze_i/microblaze_0/U0/MicroBlaze_Core_I/Performance.Core/Use_Debug_Logic.Master_Core.Debug_Perf/Serial_Dbg_Intf.continue_from_brk_reg_n_0 |                1 |              1 |
|  uBlaze_i/clk_wiz_0/inst/clk_out1                            | uBlaze_i/axi_iic_0/U0/X_IIC/WRITE_FIFO_CTRL_I/CI                                                                                                                                                         |                                                                                                                                              |                1 |              2 |
|  uBlaze_i/mdm_1/U0/Use_E2.BSCAN_I/Dbg_Update_0               | uBlaze_i/microblaze_0/U0/MicroBlaze_Core_I/Performance.Core/Use_Debug_Logic.Master_Core.Debug_Perf/Command_Reg_En                                                                                        | uBlaze_i/microblaze_0/U0/MicroBlaze_Core_I/Performance.Core/Use_Debug_Logic.Master_Core.Debug_Perf/command_reg_clear                         |                1 |              2 |
|  uBlaze_i/clk_wiz_0/inst/clk_out1                            | uBlaze_i/microblaze_0/U0/MicroBlaze_Core_I/Performance.Core/Decode_I/Use_MuxCy[11].OF_Piperun_Stage/MUXCY_I/of_pause_reg                                                                                 |                                                                                                                                              |                1 |              2 |
|  uBlaze_i/mdm_1/U0/Use_E2.BSCAN_I/Dbg_Update_0               |                                                                                                                                                                                                          |                                                                                                                                              |                1 |              3 |
|  uBlaze_i/clk_wiz_0/inst/clk_out1                            |                                                                                                                                                                                                          | uBlaze_i/axi_gpio_0/U0/AXI_LITE_IPIF_I/I_SLAVE_ATTACHMENT/clear                                                                              |                1 |              4 |
|  uBlaze_i/clk_wiz_0/inst/clk_out1                            | uBlaze_i/axi_iic_0/U0/X_IIC/READ_FIFO_I/Rc_Data_Exists                                                                                                                                                   | uBlaze_i/axi_iic_0/U0/X_IIC/X_AXI_IPIF_SSP1/X_SOFT_RESET/SR[0]                                                                               |                1 |              4 |
|  uBlaze_i/clk_wiz_0/inst/clk_out1                            | uBlaze_i/axi_uartlite_0/U0/UARTLITE_CORE_I/BAUD_RATE_I/p_2_out[0]                                                                                                                                        |                                                                                                                                              |                1 |              4 |
|  uBlaze_i/clk_wiz_0/inst/clk_out1                            | uBlaze_i/axi_iic_0/U0/X_IIC/X_AXI_IPIF_SSP1/AXI_LITE_IPIF_I/I_SLAVE_ATTACHMENT/I_DECODER/Bus2IIC_WrCE[8]                                                                                                 | uBlaze_i/axi_iic_0/U0/X_IIC/X_AXI_IPIF_SSP1/X_SOFT_RESET/SR[0]                                                                               |                2 |              4 |
|  uBlaze_i/clk_wiz_0/inst/clk_out1                            | uBlaze_i/axi_iic_0/U0/X_IIC/WRITE_FIFO_CTRL_I/Data_Exists_DFF_0                                                                                                                                          | uBlaze_i/axi_iic_0/U0/X_IIC/REG_INTERFACE_I/Tx_fifo_rst                                                                                      |                1 |              4 |
|  uBlaze_i/clk_wiz_0/inst/clk_out1                            |                                                                                                                                                                                                          | uBlaze_i/microblaze_0_axi_intc/U0/AXI_LITE_IPIF_I/I_SLAVE_ATTACHMENT/INCLUDE_DPHASE_TIMER.dpto_cnt[3]_i_1_n_0                                |                1 |              4 |
|  uBlaze_i/clk_wiz_0/inst/clk_out1                            | uBlaze_i/axi_uartlite_0/U0/AXI_LITE_IPIF_I/I_SLAVE_ATTACHMENT/start2                                                                                                                                     | uBlaze_i/axi_uartlite_0/U0/AXI_LITE_IPIF_I/I_SLAVE_ATTACHMENT/I_DECODER/cs_ce_clr                                                            |                1 |              4 |
|  uBlaze_i/clk_wiz_0/inst/clk_out1                            | uBlaze_i/axi_iic_0/U0/X_IIC/WRITE_FIFO_I/Tx_data_exists                                                                                                                                                  | uBlaze_i/axi_iic_0/U0/X_IIC/REG_INTERFACE_I/Tx_fifo_rst                                                                                      |                1 |              4 |
|  uBlaze_i/clk_wiz_0/inst/clk_out1                            |                                                                                                                                                                                                          | uBlaze_i/axi_iic_0/U0/X_IIC/X_AXI_IPIF_SSP1/AXI_LITE_IPIF_I/I_SLAVE_ATTACHMENT/INCLUDE_DPHASE_TIMER.dpto_cnt[3]_i_1_n_0                      |                1 |              4 |
|  uBlaze_i/clk_wiz_0/inst/clk_out1                            | uBlaze_i/axi_gpio_0/U0/AXI_LITE_IPIF_I/I_SLAVE_ATTACHMENT/bus2ip_addr_i[8]_i_1_n_0                                                                                                                       | uBlaze_i/axi_gpio_0/U0/AXI_LITE_IPIF_I/I_SLAVE_ATTACHMENT/SR[0]                                                                              |                1 |              4 |
|  uBlaze_i/clk_wiz_0/inst/clk_out1                            | uBlaze_i/axi_gpio_0/U0/AXI_LITE_IPIF_I/I_SLAVE_ATTACHMENT/start2                                                                                                                                         | uBlaze_i/axi_gpio_0/U0/AXI_LITE_IPIF_I/I_SLAVE_ATTACHMENT/I_DECODER/cs_ce_clr                                                                |                1 |              4 |
|  uBlaze_i/clk_wiz_0/inst/clk_out1                            | uBlaze_i/axi_iic_0/U0/X_IIC/IIC_CONTROL_I/BITCNT/q_int[0]_i_1__0_n_0                                                                                                                                     | uBlaze_i/axi_iic_0/U0/X_IIC/REG_INTERFACE_I/cr_i_reg[7]_0                                                                                    |                1 |              4 |
|  uBlaze_i/mdm_1/U0/No_Dbg_Reg_Access.BUFG_DRCK/Ext_JTAG_DRCK | uBlaze_i/mdm_1/U0/MDM_Core_I1/p_3_out                                                                                                                                                                    | uBlaze_i/mdm_1/U0/Use_E2.BSCAN_I/AR[0]                                                                                                       |                2 |              4 |
|  uBlaze_i/clk_wiz_0/inst/clk_out1                            | uBlaze_i/axi_iic_0/U0/X_IIC/IIC_CONTROL_I/FSM_sequential_scl_state[3]_i_2_n_0                                                                                                                            | uBlaze_i/axi_iic_0/U0/X_IIC/REG_INTERFACE_I/cr_i_reg[7]_0                                                                                    |                2 |              4 |
| ~uBlaze_i/mdm_1/U0/Use_E2.BSCAN_I/Dbg_Update_0               |                                                                                                                                                                                                          | uBlaze_i/mdm_1/U0/Use_E2.BSCAN_I/AR[0]                                                                                                       |                1 |              4 |
|  uBlaze_i/mdm_1/U0/Use_E2.BSCAN_I/Dbg_Update_0               | uBlaze_i/mdm_1/U0/MDM_Core_I1/MDM_SEL                                                                                                                                                                    | uBlaze_i/mdm_1/U0/Use_E2.BSCAN_I/AR[0]                                                                                                       |                1 |              4 |
|  uBlaze_i/clk_wiz_0/inst/clk_out1                            |                                                                                                                                                                                                          | uBlaze_i/microblaze_0/U0/MicroBlaze_Core_I/Performance.Core/Decode_I/flush_pipe                                                              |                2 |              4 |
|  uBlaze_i/clk_wiz_0/inst/clk_out1                            | uBlaze_i/axi_iic_0/U0/X_IIC/X_AXI_IPIF_SSP1/AXI_LITE_IPIF_I/I_SLAVE_ATTACHMENT/I_DECODER/Bus2IIC_WrCE[11]                                                                                                | uBlaze_i/axi_iic_0/U0/X_IIC/X_AXI_IPIF_SSP1/X_SOFT_RESET/SR[0]                                                                               |                1 |              5 |
|  uBlaze_i/clk_wiz_0/inst/clk_out1                            |                                                                                                                                                                                                          | uBlaze_i/rst_sys_clock_100M/U0/EXT_LPF/lpf_int                                                                                               |                3 |              5 |
|  uBlaze_i/mdm_1/U0/Use_E2.BSCAN_I/Dbg_Update_0               | uBlaze_i/microblaze_0/U0/MicroBlaze_Core_I/Performance.Core/Use_Debug_Logic.Master_Core.Debug_Perf/Control_Reg_En                                                                                        |                                                                                                                                              |                1 |              5 |
|  uBlaze_i/clk_wiz_0/inst/clk_out1                            | uBlaze_i/microblaze_0/U0/MicroBlaze_Core_I/Performance.Core/Decode_I/wb_Halted                                                                                                                           | uBlaze_i/microblaze_0/U0/MicroBlaze_Core_I/sync_reset                                                                                        |                2 |              5 |
|  uBlaze_i/clk_wiz_0/inst/clk_out1                            |                                                                                                                                                                                                          | uBlaze_i/axi_uartlite_0/U0/UARTLITE_CORE_I/UARTLITE_TX_I/SRL_FIFO_I/I_SRL_FIFO_RBU_F/CNTR_INCR_DECR_ADDN_F_I/SS[0]                           |                3 |              6 |
|  uBlaze_i/clk_wiz_0/inst/clk_out1                            |                                                                                                                                                                                                          | uBlaze_i/axi_uartlite_0/U0/UARTLITE_CORE_I/UARTLITE_RX_I/SRL_FIFO_I/I_SRL_FIFO_RBU_F/CNTR_INCR_DECR_ADDN_F_I/SS[0]                           |                2 |              6 |
|  uBlaze_i/mdm_1/U0/No_Dbg_Reg_Access.BUFG_DRCK/Ext_JTAG_DRCK | uBlaze_i/mdm_1/U0/Use_E2.BSCAN_I/Use_BSCAN.command_reg[5][0]                                                                                                                                             |                                                                                                                                              |                3 |              6 |
|  uBlaze_i/mdm_1/U0/No_Dbg_Reg_Access.BUFG_DRCK/Ext_JTAG_DRCK | uBlaze_i/mdm_1/U0/MDM_Core_I1/JTAG_CONTROL_I/Use_BSCAN.FDC_I/Use_BSCAN.command_reg[5][0]                                                                                                                 |                                                                                                                                              |                2 |              6 |
|  uBlaze_i/mdm_1/U0/No_Dbg_Reg_Access.BUFG_DRCK/Ext_JTAG_DRCK | uBlaze_i/mdm_1/U0/Use_E2.BSCAN_I/E[0]                                                                                                                                                                    |                                                                                                                                              |                2 |              6 |
|  uBlaze_i/clk_wiz_0/inst/clk_out1                            |                                                                                                                                                                                                          | uBlaze_i/axi_iic_0/U0/X_IIC/X_AXI_IPIF_SSP1/X_SOFT_RESET/AXI_Bus2IP_Reset                                                                    |                2 |              6 |
|  uBlaze_i/clk_wiz_0/inst/clk_out1                            |                                                                                                                                                                                                          | uBlaze_i/axi_iic_0/U0/X_IIC/REG_INTERFACE_I/Tx_fifo_rst                                                                                      |                4 |              6 |
|  uBlaze_i/clk_wiz_0/inst/clk_out1                            | uBlaze_i/rst_sys_clock_100M/U0/SEQ/seq_cnt_en                                                                                                                                                            | uBlaze_i/rst_sys_clock_100M/U0/SEQ/SEQ_COUNTER/clear                                                                                         |                1 |              6 |
|  uBlaze_i/clk_wiz_0/inst/clk_out1                            | uBlaze_i/axi_uartlite_0/U0/UARTLITE_CORE_I/BAUD_RATE_I/p_2_out[0]                                                                                                                                        | uBlaze_i/axi_uartlite_0/U0/UARTLITE_CORE_I/UARTLITE_RX_I/SERIAL_TO_PARALLEL[8].fifo_din[8]_i_1_n_0                                           |                2 |              7 |
|  uBlaze_i/clk_wiz_0/inst/clk_out1                            | uBlaze_i/axi_iic_0/U0/X_IIC/X_AXI_IPIF_SSP1/AXI_LITE_IPIF_I/I_SLAVE_ATTACHMENT/I_DECODER/Bus2IIC_WrCE[9]                                                                                                 | uBlaze_i/axi_iic_0/U0/X_IIC/X_AXI_IPIF_SSP1/X_SOFT_RESET/SR[0]                                                                               |                2 |              7 |
|  uBlaze_i/clk_wiz_0/inst/clk_out1                            | uBlaze_i/logicDMF_0/inst/logicDMF_v1_0_Hypervisor_Slave_inst/slv_reg1[15]_i_1_n_0                                                                                                                        | uBlaze_i/logicDMF_0/inst/logicDMF_v1_0_Hypervisor_Slave_inst/axi_awready_i_1__0_n_0                                                          |                1 |              8 |
|  uBlaze_i/clk_wiz_0/inst/clk_out1                            | uBlaze_i/axi_iic_0/U0/X_IIC/IIC_CONTROL_I/I2CDATA_REG/data_int[7]_i_1_n_0                                                                                                                                | uBlaze_i/axi_iic_0/U0/X_IIC/REG_INTERFACE_I/cr_i_reg[7]_0                                                                                    |                2 |              8 |
|  uBlaze_i/clk_wiz_0/inst/clk_out1                            | uBlaze_i/axi_iic_0/U0/X_IIC/IIC_CONTROL_I/i2c_header_en                                                                                                                                                  | uBlaze_i/axi_iic_0/U0/X_IIC/REG_INTERFACE_I/cr_i_reg[7]_0                                                                                    |                3 |              8 |
|  uBlaze_i/clk_wiz_0/inst/clk_out1                            | uBlaze_i/axi_iic_0/U0/X_IIC/IIC_CONTROL_I/data_i2c_i0                                                                                                                                                    | uBlaze_i/axi_iic_0/U0/X_IIC/REG_INTERFACE_I/cr_i_reg[7]_0                                                                                    |                1 |              8 |
|  uBlaze_i/clk_wiz_0/inst/clk_out1                            | uBlaze_i/axi_iic_0/U0/X_IIC/READ_FIFO_I/CI                                                                                                                                                               |                                                                                                                                              |                1 |              8 |
|  uBlaze_i/clk_wiz_0/inst/clk_out1                            | uBlaze_i/logicDMF_0/inst/logicDMF_v1_0_Data_Slave_inst/p_1_in[31]                                                                                                                                        | uBlaze_i/logicDMF_0/inst/logicDMF_v1_0_Data_Slave_inst/slv_reg0[0]_i_1_n_0                                                                   |                3 |              8 |
|  uBlaze_i/clk_wiz_0/inst/clk_out1                            | uBlaze_i/logicDMF_0/inst/logicDMF_v1_0_Data_Slave_inst/slv_reg2[23]_i_1__0_n_0                                                                                                                           | uBlaze_i/logicDMF_0/inst/logicDMF_v1_0_Data_Slave_inst/slv_reg0[0]_i_1_n_0                                                                   |                2 |              8 |
|  uBlaze_i/clk_wiz_0/inst/clk_out1                            | uBlaze_i/logicDMF_0/inst/logicDMF_v1_0_Data_Slave_inst/p_1_in[23]                                                                                                                                        | uBlaze_i/logicDMF_0/inst/logicDMF_v1_0_Data_Slave_inst/slv_reg0[0]_i_1_n_0                                                                   |                1 |              8 |
|  uBlaze_i/clk_wiz_0/inst/clk_out1                            | uBlaze_i/axi_iic_0/U0/X_IIC/WRITE_FIFO_I/CI                                                                                                                                                              |                                                                                                                                              |                1 |              8 |
|  uBlaze_i/clk_wiz_0/inst/clk_out1                            | uBlaze_i/axi_iic_0/U0/X_IIC/X_AXI_IPIF_SSP1/AXI_LITE_IPIF_I/I_SLAVE_ATTACHMENT/I_DECODER/E[0]                                                                                                            | uBlaze_i/axi_iic_0/U0/X_IIC/X_AXI_IPIF_SSP1/X_SOFT_RESET/SR[0]                                                                               |                3 |              8 |
|  uBlaze_i/clk_wiz_0/inst/clk_out1                            | uBlaze_i/axi_iic_0/U0/X_IIC/DYN_MASTER_I/rdByteCntr[0]_i_1_n_0                                                                                                                                           | uBlaze_i/axi_iic_0/U0/X_IIC/REG_INTERFACE_I/Tx_fifo_rst                                                                                      |                4 |              8 |
|  uBlaze_i/clk_wiz_0/inst/clk_out1                            | uBlaze_i/logicDMF_0/inst/logicDMF_v1_0_Data_Slave_inst/p_1_in[15]                                                                                                                                        | uBlaze_i/logicDMF_0/inst/logicDMF_v1_0_Data_Slave_inst/slv_reg0[0]_i_1_n_0                                                                   |                1 |              8 |
|  uBlaze_i/clk_wiz_0/inst/clk_out1                            | uBlaze_i/axi_uartlite_0/U0/AXI_LITE_IPIF_I/I_SLAVE_ATTACHMENT/I_DECODER/fifo_wr                                                                                                                          |                                                                                                                                              |                1 |              8 |
|  uBlaze_i/clk_wiz_0/inst/clk_out1                            | uBlaze_i/axi_uartlite_0/U0/AXI_LITE_IPIF_I/I_SLAVE_ATTACHMENT/s_axi_rresp_i                                                                                                                              | uBlaze_i/axi_uartlite_0/U0/AXI_LITE_IPIF_I/I_SLAVE_ATTACHMENT/rst                                                                            |                2 |              8 |
|  uBlaze_i/clk_wiz_0/inst/clk_out1                            | uBlaze_i/logicDMF_0/inst/logicDMF_v1_0_Data_Slave_inst/p_1_in[7]                                                                                                                                         | uBlaze_i/logicDMF_0/inst/logicDMF_v1_0_Data_Slave_inst/slv_reg0[0]_i_1_n_0                                                                   |                1 |              8 |
|  uBlaze_i/clk_wiz_0/inst/clk_out1                            | uBlaze_i/axi_uartlite_0/U0/UARTLITE_CORE_I/UARTLITE_RX_I/SRL_FIFO_I/I_SRL_FIFO_RBU_F/DYNSHREG_F_I/fifo_wr                                                                                                |                                                                                                                                              |                1 |              8 |
|  uBlaze_i/clk_wiz_0/inst/clk_out1                            | uBlaze_i/logicDMF_0/inst/logicDMF_v1_0_Data_Slave_inst/slv_reg1[31]_i_1__0_n_0                                                                                                                           | uBlaze_i/logicDMF_0/inst/logicDMF_v1_0_Data_Slave_inst/slv_reg0[0]_i_1_n_0                                                                   |                2 |              8 |
|  uBlaze_i/clk_wiz_0/inst/clk_out1                            | uBlaze_i/logicDMF_0/inst/logicDMF_v1_0_Data_Slave_inst/slv_reg1[15]_i_1__0_n_0                                                                                                                           | uBlaze_i/logicDMF_0/inst/logicDMF_v1_0_Data_Slave_inst/slv_reg0[0]_i_1_n_0                                                                   |                2 |              8 |
|  uBlaze_i/clk_wiz_0/inst/clk_out1                            | uBlaze_i/logicDMF_0/inst/logicDMF_v1_0_Data_Slave_inst/slv_reg1[23]_i_1__0_n_0                                                                                                                           | uBlaze_i/logicDMF_0/inst/logicDMF_v1_0_Data_Slave_inst/slv_reg0[0]_i_1_n_0                                                                   |                1 |              8 |
|  uBlaze_i/clk_wiz_0/inst/clk_out1                            | uBlaze_i/logicDMF_0/inst/logicDMF_v1_0_Data_Slave_inst/slv_reg2[7]_i_1__0_n_0                                                                                                                            | uBlaze_i/logicDMF_0/inst/logicDMF_v1_0_Data_Slave_inst/slv_reg0[0]_i_1_n_0                                                                   |                1 |              8 |
|  uBlaze_i/clk_wiz_0/inst/clk_out1                            | uBlaze_i/logicDMF_0/inst/logicDMF_v1_0_Data_Slave_inst/slv_reg0[23]_i_1__0_n_0                                                                                                                           | uBlaze_i/logicDMF_0/inst/logicDMF_v1_0_Data_Slave_inst/slv_reg0[0]_i_1_n_0                                                                   |                1 |              8 |
|  uBlaze_i/clk_wiz_0/inst/clk_out1                            | uBlaze_i/logicDMF_0/inst/logicDMF_v1_0_Data_Slave_inst/slv_reg0[31]_i_1__0_n_0                                                                                                                           | uBlaze_i/logicDMF_0/inst/logicDMF_v1_0_Data_Slave_inst/slv_reg0[0]_i_1_n_0                                                                   |                1 |              8 |
|  uBlaze_i/clk_wiz_0/inst/clk_out1                            | uBlaze_i/logicDMF_0/inst/logicDMF_v1_0_Data_Slave_inst/slv_reg2[15]_i_1__0_n_0                                                                                                                           | uBlaze_i/logicDMF_0/inst/logicDMF_v1_0_Data_Slave_inst/slv_reg0[0]_i_1_n_0                                                                   |                1 |              8 |
|  uBlaze_i/clk_wiz_0/inst/clk_out1                            | uBlaze_i/logicDMF_0/inst/logicDMF_v1_0_Hypervisor_Slave_inst/slv_reg4[23]_i_1_n_0                                                                                                                        | uBlaze_i/logicDMF_0/inst/logicDMF_v1_0_Hypervisor_Slave_inst/axi_awready_i_1__0_n_0                                                          |                2 |              8 |
|  uBlaze_i/clk_wiz_0/inst/clk_out1                            | uBlaze_i/logicDMF_0/inst/logicDMF_v1_0_Hypervisor_Slave_inst/slv_reg3[7]_i_1_n_0                                                                                                                         | uBlaze_i/logicDMF_0/inst/logicDMF_v1_0_Hypervisor_Slave_inst/axi_awready_i_1__0_n_0                                                          |                2 |              8 |
|  uBlaze_i/clk_wiz_0/inst/clk_out1                            | uBlaze_i/logicDMF_0/inst/logicDMF_v1_0_Hypervisor_Slave_inst/slv_reg3[23]_i_1_n_0                                                                                                                        | uBlaze_i/logicDMF_0/inst/logicDMF_v1_0_Hypervisor_Slave_inst/axi_awready_i_1__0_n_0                                                          |                4 |              8 |
|  uBlaze_i/clk_wiz_0/inst/clk_out1                            | uBlaze_i/logicDMF_0/inst/logicDMF_v1_0_Hypervisor_Slave_inst/slv_reg3[15]_i_1_n_0                                                                                                                        | uBlaze_i/logicDMF_0/inst/logicDMF_v1_0_Hypervisor_Slave_inst/axi_awready_i_1__0_n_0                                                          |                2 |              8 |
|  uBlaze_i/clk_wiz_0/inst/clk_out1                            | uBlaze_i/logicDMF_0/inst/logicDMF_v1_0_Hypervisor_Slave_inst/slv_reg4[31]_i_1_n_0                                                                                                                        | uBlaze_i/logicDMF_0/inst/logicDMF_v1_0_Hypervisor_Slave_inst/axi_awready_i_1__0_n_0                                                          |                2 |              8 |
|  uBlaze_i/clk_wiz_0/inst/clk_out1                            | uBlaze_i/logicDMF_0/inst/logicDMF_v1_0_Hypervisor_Slave_inst/slv_reg2[15]_i_1_n_0                                                                                                                        | uBlaze_i/logicDMF_0/inst/logicDMF_v1_0_Hypervisor_Slave_inst/axi_awready_i_1__0_n_0                                                          |                1 |              8 |
|  uBlaze_i/clk_wiz_0/inst/clk_out1                            | uBlaze_i/logicDMF_0/inst/logicDMF_v1_0_Hypervisor_Slave_inst/slv_reg1[7]_i_1_n_0                                                                                                                         | uBlaze_i/logicDMF_0/inst/logicDMF_v1_0_Hypervisor_Slave_inst/axi_awready_i_1__0_n_0                                                          |                2 |              8 |
|  uBlaze_i/clk_wiz_0/inst/clk_out1                            | uBlaze_i/logicDMF_0/inst/logicDMF_v1_0_Hypervisor_Slave_inst/p_1_in[15]                                                                                                                                  | uBlaze_i/logicDMF_0/inst/logicDMF_v1_0_Hypervisor_Slave_inst/axi_awready_i_1__0_n_0                                                          |                2 |              8 |
|  uBlaze_i/clk_wiz_0/inst/clk_out1                            | uBlaze_i/logicDMF_0/inst/logicDMF_v1_0_Hypervisor_Slave_inst/p_1_in[31]                                                                                                                                  | uBlaze_i/logicDMF_0/inst/logicDMF_v1_0_Hypervisor_Slave_inst/axi_awready_i_1__0_n_0                                                          |                1 |              8 |
|  uBlaze_i/clk_wiz_0/inst/clk_out1                            | uBlaze_i/logicDMF_0/inst/logicDMF_v1_0_Hypervisor_Slave_inst/p_1_in[1]                                                                                                                                   | uBlaze_i/logicDMF_0/inst/logicDMF_v1_0_Hypervisor_Slave_inst/axi_awready_i_1__0_n_0                                                          |                1 |              8 |
|  uBlaze_i/clk_wiz_0/inst/clk_out1                            | uBlaze_i/microblaze_0_axi_intc/U0/AXI_LITE_IPIF_I/I_SLAVE_ATTACHMENT/bus2ip_addr_i[8]_i_1_n_0                                                                                                            | uBlaze_i/microblaze_0_axi_intc/U0/AXI_LITE_IPIF_I/I_SLAVE_ATTACHMENT/rst                                                                     |                1 |              8 |
| ~uBlaze_i/mdm_1/U0/Use_E2.BSCAN_I/Dbg_Update_0               | uBlaze_i/mdm_1/U0/MDM_Core_I1/JTAG_CONTROL_I/Use_BSCAN.command[0]_i_1_n_0                                                                                                                                |                                                                                                                                              |                2 |              8 |
|  uBlaze_i/mdm_1/U0/No_Dbg_Reg_Access.BUFG_DRCK/Ext_JTAG_DRCK | uBlaze_i/mdm_1/U0/MDM_Core_I1/JTAG_CONTROL_I/tdi_shifter0                                                                                                                                                |                                                                                                                                              |                2 |              8 |
|  uBlaze_i/clk_wiz_0/inst/clk_out1                            | uBlaze_i/logicDMF_0/inst/logicDMF_v1_0_Data_Slave_inst/slv_reg2[31]_i_1__0_n_0                                                                                                                           | uBlaze_i/logicDMF_0/inst/logicDMF_v1_0_Data_Slave_inst/slv_reg0[0]_i_1_n_0                                                                   |                1 |              8 |
|  uBlaze_i/mdm_1/U0/No_Dbg_Reg_Access.BUFG_DRCK/Ext_JTAG_DRCK | uBlaze_i/microblaze_0/U0/MicroBlaze_Core_I/Performance.Core/Use_Debug_Logic.Master_Core.Debug_Perf/Using_PC_Breakpoints.All_PC_Brks[0].Serial_Interface_1.address_hit_I/Compare[0].SRLC16E_I/which_pc__0 |                                                                                                                                              |                7 |              8 |
|  uBlaze_i/clk_wiz_0/inst/clk_out1                            | uBlaze_i/logicDMF_0/inst/logicDMF_v1_0_Hypervisor_Slave_inst/slv_reg2[7]_i_1_n_0                                                                                                                         | uBlaze_i/logicDMF_0/inst/logicDMF_v1_0_Hypervisor_Slave_inst/axi_awready_i_1__0_n_0                                                          |                2 |              8 |
|  uBlaze_i/clk_wiz_0/inst/clk_out1                            | uBlaze_i/logicDMF_0/inst/logicDMF_v1_0_Hypervisor_Slave_inst/slv_reg4[7]_i_1_n_0                                                                                                                         | uBlaze_i/logicDMF_0/inst/logicDMF_v1_0_Hypervisor_Slave_inst/axi_awready_i_1__0_n_0                                                          |                1 |              8 |
|  uBlaze_i/clk_wiz_0/inst/clk_out1                            | uBlaze_i/logicDMF_0/inst/logicDMF_v1_0_Data_Slave_inst/slv_reg0[15]_i_1__0_n_0                                                                                                                           | uBlaze_i/logicDMF_0/inst/logicDMF_v1_0_Data_Slave_inst/slv_reg0[0]_i_1_n_0                                                                   |                1 |              8 |
|  uBlaze_i/mdm_1/U0/Use_E2.BSCAN_I/Dbg_Update_0               | uBlaze_i/mdm_1/U0/MDM_Core_I1/JTAG_CONTROL_I/Use_BSCAN.FDC_I/Use_BSCAN.PORT_Selector_reg[2][0]                                                                                                           |                                                                                                                                              |                2 |              8 |
|  uBlaze_i/clk_wiz_0/inst/clk_out1                            | uBlaze_i/logicDMF_0/inst/logicDMF_v1_0_Hypervisor_Slave_inst/slv_reg2[23]_i_1_n_0                                                                                                                        | uBlaze_i/logicDMF_0/inst/logicDMF_v1_0_Hypervisor_Slave_inst/axi_awready_i_1__0_n_0                                                          |                1 |              8 |
|  uBlaze_i/clk_wiz_0/inst/clk_out1                            | uBlaze_i/logicDMF_0/inst/logicDMF_v1_0_Hypervisor_Slave_inst/slv_reg4[15]_i_1_n_0                                                                                                                        | uBlaze_i/logicDMF_0/inst/logicDMF_v1_0_Hypervisor_Slave_inst/axi_awready_i_1__0_n_0                                                          |                2 |              8 |
|  uBlaze_i/clk_wiz_0/inst/clk_out1                            | uBlaze_i/logicDMF_0/inst/logicDMF_v1_0_Hypervisor_Slave_inst/slv_reg2[31]_i_1_n_0                                                                                                                        | uBlaze_i/logicDMF_0/inst/logicDMF_v1_0_Hypervisor_Slave_inst/axi_awready_i_1__0_n_0                                                          |                2 |              8 |
|  uBlaze_i/clk_wiz_0/inst/clk_out1                            | uBlaze_i/logicDMF_0/inst/logicDMF_v1_0_Hypervisor_Slave_inst/slv_reg3[31]_i_1_n_0                                                                                                                        | uBlaze_i/logicDMF_0/inst/logicDMF_v1_0_Hypervisor_Slave_inst/axi_awready_i_1__0_n_0                                                          |                2 |              8 |
|  uBlaze_i/clk_wiz_0/inst/clk_out1                            | uBlaze_i/logicDMF_0/inst/logicDMF_v1_0_Data_Slave_inst/slv_reg1[7]_i_1__0_n_0                                                                                                                            | uBlaze_i/logicDMF_0/inst/logicDMF_v1_0_Data_Slave_inst/slv_reg0[0]_i_1_n_0                                                                   |                1 |              8 |
|  uBlaze_i/clk_wiz_0/inst/clk_out1                            | uBlaze_i/logicDMF_0/inst/logicDMF_v1_0_Hypervisor_Slave_inst/slv_reg1[31]_i_1_n_0                                                                                                                        | uBlaze_i/logicDMF_0/inst/logicDMF_v1_0_Hypervisor_Slave_inst/axi_awready_i_1__0_n_0                                                          |                2 |              8 |
|  uBlaze_i/clk_wiz_0/inst/clk_out1                            | uBlaze_i/logicDMF_0/inst/logicDMF_v1_0_Hypervisor_Slave_inst/slv_reg1[23]_i_1_n_0                                                                                                                        | uBlaze_i/logicDMF_0/inst/logicDMF_v1_0_Hypervisor_Slave_inst/axi_awready_i_1__0_n_0                                                          |                1 |              8 |
|  uBlaze_i/clk_wiz_0/inst/clk_out1                            | uBlaze_i/logicDMF_0/inst/logicDMF_v1_0_Hypervisor_Slave_inst/p_1_in[23]                                                                                                                                  | uBlaze_i/logicDMF_0/inst/logicDMF_v1_0_Hypervisor_Slave_inst/axi_awready_i_1__0_n_0                                                          |                1 |              8 |
|  uBlaze_i/clk_wiz_0/inst/clk_out1                            |                                                                                                                                                                                                          | uBlaze_i/axi_uartlite_0/U0/AXI_LITE_IPIF_I/I_SLAVE_ATTACHMENT/rst                                                                            |                4 |             10 |
|  uBlaze_i/clk_wiz_0/inst/clk_out1                            | uBlaze_i/axi_iic_0/U0/X_IIC/X_AXI_IPIF_SSP1/AXI_LITE_IPIF_I/I_SLAVE_ATTACHMENT/I_DECODER/Bus2IIC_WrCE[3]                                                                                                 | uBlaze_i/axi_iic_0/U0/X_IIC/X_AXI_IPIF_SSP1/X_SOFT_RESET/SR[0]                                                                               |                4 |             10 |
|  uBlaze_i/clk_wiz_0/inst/clk_out1                            | uBlaze_i/axi_iic_0/U0/X_IIC/X_AXI_IPIF_SSP1/AXI_LITE_IPIF_I/I_SLAVE_ATTACHMENT/I_DECODER/Bus2IIC_WrCE[4]                                                                                                 | uBlaze_i/axi_iic_0/U0/X_IIC/X_AXI_IPIF_SSP1/X_SOFT_RESET/SR[0]                                                                               |                3 |             10 |
|  uBlaze_i/clk_wiz_0/inst/clk_out1                            | uBlaze_i/axi_iic_0/U0/X_IIC/X_AXI_IPIF_SSP1/AXI_LITE_IPIF_I/I_SLAVE_ATTACHMENT/I_DECODER/Bus2IIC_WrCE[6]                                                                                                 | uBlaze_i/axi_iic_0/U0/X_IIC/X_AXI_IPIF_SSP1/X_SOFT_RESET/SR[0]                                                                               |                5 |             10 |
|  uBlaze_i/clk_wiz_0/inst/clk_out1                            | uBlaze_i/axi_iic_0/U0/X_IIC/X_AXI_IPIF_SSP1/AXI_LITE_IPIF_I/I_SLAVE_ATTACHMENT/I_DECODER/Bus2IIC_WrCE[5]                                                                                                 | uBlaze_i/axi_iic_0/U0/X_IIC/X_AXI_IPIF_SSP1/X_SOFT_RESET/SR[0]                                                                               |                3 |             10 |
|  uBlaze_i/clk_wiz_0/inst/clk_out1                            | uBlaze_i/axi_iic_0/U0/X_IIC/X_AXI_IPIF_SSP1/AXI_LITE_IPIF_I/I_SLAVE_ATTACHMENT/I_DECODER/Bus2IIC_WrCE[2]                                                                                                 | uBlaze_i/axi_iic_0/U0/X_IIC/X_AXI_IPIF_SSP1/X_SOFT_RESET/SR[0]                                                                               |                4 |             10 |
|  uBlaze_i/clk_wiz_0/inst/clk_out1                            | uBlaze_i/axi_iic_0/U0/X_IIC/X_AXI_IPIF_SSP1/AXI_LITE_IPIF_I/I_SLAVE_ATTACHMENT/I_DECODER/Bus2IIC_WrCE[0]                                                                                                 | uBlaze_i/axi_iic_0/U0/X_IIC/X_AXI_IPIF_SSP1/X_SOFT_RESET/SR[0]                                                                               |                3 |             10 |
|  uBlaze_i/clk_wiz_0/inst/clk_out1                            | uBlaze_i/axi_iic_0/U0/X_IIC/X_AXI_IPIF_SSP1/AXI_LITE_IPIF_I/I_SLAVE_ATTACHMENT/I_DECODER/Bus2IIC_WrCE[1]                                                                                                 | uBlaze_i/axi_iic_0/U0/X_IIC/X_AXI_IPIF_SSP1/X_SOFT_RESET/SR[0]                                                                               |                3 |             10 |
|  uBlaze_i/clk_wiz_0/inst/clk_out1                            | uBlaze_i/axi_iic_0/U0/X_IIC/X_AXI_IPIF_SSP1/AXI_LITE_IPIF_I/I_SLAVE_ATTACHMENT/I_DECODER/Bus2IIC_WrCE[7]                                                                                                 | uBlaze_i/axi_iic_0/U0/X_IIC/X_AXI_IPIF_SSP1/X_SOFT_RESET/SR[0]                                                                               |                4 |             10 |
|  uBlaze_i/clk_wiz_0/inst/clk_out1                            | uBlaze_i/axi_iic_0/U0/X_IIC/X_AXI_IPIF_SSP1/AXI_LITE_IPIF_I/I_SLAVE_ATTACHMENT/bus2ip_addr_i[8]_i_1_n_0                                                                                                  | uBlaze_i/axi_iic_0/U0/X_IIC/X_AXI_IPIF_SSP1/AXI_LITE_IPIF_I/I_SLAVE_ATTACHMENT/rst                                                           |                6 |             10 |
|  uBlaze_i/clk_wiz_0/inst/clk_out1                            | uBlaze_i/logicDMF_0/inst/logicDMF_v1_0_Data_Slave_inst/slv_reg0[0]_i_2_n_0                                                                                                                               | uBlaze_i/logicDMF_0/inst/logicDMF_v1_0_Data_Slave_inst/slv_reg0[0]_i_1_n_0                                                                   |                2 |             10 |
|  uBlaze_i/clk_wiz_0/inst/clk_out1                            | uBlaze_i/axi_iic_0/U0/X_IIC/IIC_CONTROL_I/SETUP_CNT/q_int[0]_i_1_n_0                                                                                                                                     | uBlaze_i/axi_iic_0/U0/X_IIC/REG_INTERFACE_I/cr_i_reg[7]_0                                                                                    |                3 |             10 |
|  uBlaze_i/mdm_1/U0/No_Dbg_Reg_Access.BUFG_DRCK/Ext_JTAG_DRCK | uBlaze_i/mdm_1/U0/MDM_Core_I1/JTAG_CONTROL_I/Use_BSCAN.FDC_I/E[0]                                                                                                                                        |                                                                                                                                              |                4 |             10 |
|  uBlaze_i/clk_wiz_0/inst/clk_out1                            | uBlaze_i/axi_iic_0/U0/X_IIC/IIC_CONTROL_I/CLKCNT/q_int[0]_i_1__1_n_0                                                                                                                                     | uBlaze_i/axi_iic_0/U0/X_IIC/REG_INTERFACE_I/cr_i_reg[7]_0                                                                                    |                4 |             10 |
|  uBlaze_i/clk_wiz_0/inst/clk_out1                            |                                                                                                                                                                                                          | uBlaze_i/logicDMF_0/inst/logicDMF_v1_0_Data_Slave_inst/slv_reg0[0]_i_1_n_0                                                                   |                4 |             10 |
|  uBlaze_i/clk_wiz_0/inst/clk_out1                            | uBlaze_i/axi_iic_0/U0/X_IIC/X_AXI_IPIF_SSP1/AXI_LITE_IPIF_I/I_SLAVE_ATTACHMENT/s_axi_rresp_i                                                                                                             | uBlaze_i/axi_iic_0/U0/X_IIC/X_AXI_IPIF_SSP1/AXI_LITE_IPIF_I/I_SLAVE_ATTACHMENT/rst                                                           |                5 |             11 |
|  uBlaze_i/clk_wiz_0/inst/clk_out1                            |                                                                                                                                                                                                          | uBlaze_i/microblaze_0_axi_intc/U0/AXI_LITE_IPIF_I/I_SLAVE_ATTACHMENT/rst                                                                     |                4 |             11 |
|  uBlaze_i/clk_wiz_0/inst/clk_out1                            |                                                                                                                                                                                                          | uBlaze_i/axi_iic_0/U0/X_IIC/X_AXI_IPIF_SSP1/AXI_LITE_IPIF_I/I_SLAVE_ATTACHMENT/rst                                                           |                4 |             11 |
|  uBlaze_i/clk_wiz_0/inst/clk_out1                            |                                                                                                                                                                                                          | uBlaze_i/logicDMF_0/inst/logicDMF_v1_0_Hypervisor_Slave_inst/axi_awready_i_1__0_n_0                                                          |                4 |             12 |
|  uBlaze_i/clk_wiz_0/inst/clk_out1                            |                                                                                                                                                                                                          | uBlaze_i/microblaze_0_axi_periph/xbar/inst/gen_sasd.crossbar_sasd_0/addr_arbiter_inst/SR[0]                                                  |                7 |             14 |
|  uBlaze_i/clk_wiz_0/inst/clk_out1                            | uBlaze_i/microblaze_0_axi_periph/xbar/inst/gen_sasd.crossbar_sasd_0/reg_slice_r/aa_rready                                                                                                                |                                                                                                                                              |                3 |             15 |
|  uBlaze_i/clk_wiz_0/inst/clk_out1                            | uBlaze_i/microblaze_0/U0/MicroBlaze_Core_I/Performance.Core/Decode_I/PreFetch_Buffer_I1/Instruction_Prefetch_Mux[4].Gen_Instr_DFF/Using_FPGA.Native_1[0]                                                 | uBlaze_i/microblaze_0/U0/MicroBlaze_Core_I/sync_reset                                                                                        |                5 |             16 |
|  uBlaze_i/clk_wiz_0/inst/clk_out1                            | uBlaze_i/microblaze_0_axi_intc/U0/AXI_LITE_IPIF_I/I_SLAVE_ATTACHMENT/start2                                                                                                                              | uBlaze_i/microblaze_0_axi_intc/U0/AXI_LITE_IPIF_I/I_SLAVE_ATTACHMENT/I_DECODER/cs_ce_clr                                                     |                4 |             19 |
|  uBlaze_i/clk_wiz_0/inst/clk_out1                            | uBlaze_i/microblaze_0/U0/MicroBlaze_Core_I/Performance.Core/Decode_I/mem_wait_on_ready_N_carry_or/MUXCY_I/lopt_1                                                                                         | uBlaze_i/microblaze_0/U0/MicroBlaze_Core_I/sync_reset                                                                                        |                6 |             21 |
|  uBlaze_i/mdm_1/U0/No_Dbg_Reg_Access.BUFG_DRCK/Ext_JTAG_DRCK |                                                                                                                                                                                                          | uBlaze_i/mdm_1/U0/Use_E2.BSCAN_I/shift_n_reset1_out                                                                                          |                4 |             23 |
|  uBlaze_i/clk_wiz_0/inst/clk_out1                            |                                                                                                                                                                                                          | uBlaze_i/axi_gpio_0/U0/AXI_LITE_IPIF_I/I_SLAVE_ATTACHMENT/SR[0]                                                                              |                6 |             23 |
|  uBlaze_i/clk_wiz_0/inst/clk_out1                            | uBlaze_i/axi_iic_0/U0/X_IIC/X_AXI_IPIF_SSP1/AXI_LITE_IPIF_I/I_SLAVE_ATTACHMENT/start2                                                                                                                    | uBlaze_i/axi_iic_0/U0/X_IIC/X_AXI_IPIF_SSP1/AXI_LITE_IPIF_I/I_SLAVE_ATTACHMENT/I_DECODER/cs_ce_clr                                           |                8 |             24 |
|  uBlaze_i/clk_wiz_0/inst/clk_out1                            | uBlaze_i/microblaze_0_axi_periph/xbar/inst/gen_sasd.crossbar_sasd_0/addr_arbiter_inst/p_0_in1_in                                                                                                         | uBlaze_i/microblaze_0_axi_periph/xbar/inst/gen_sasd.crossbar_sasd_0/addr_arbiter_inst/SR[0]                                                  |                4 |             25 |
|  uBlaze_i/clk_wiz_0/inst/clk_out1                            |                                                                                                                                                                                                          | uBlaze_i/microblaze_0_axi_intc/U0/INTC_CORE_I/SR[0]                                                                                          |                7 |             27 |
|  uBlaze_i/clk_wiz_0/inst/clk_out1                            | uBlaze_i/axi_uartlite_0/U0/UARTLITE_CORE_I/BAUD_RATE_I/p_2_out[0]                                                                                                                                        | uBlaze_i/axi_uartlite_0/U0/UARTLITE_CORE_I/UARTLITE_RX_I/s_axi_aresetn_0                                                                     |                4 |             28 |
|  uBlaze_i/clk_wiz_0/inst/clk_out1                            |                                                                                                                                                                                                          | uBlaze_i/axi_uartlite_0/U0/UARTLITE_CORE_I/UARTLITE_RX_I/s_axi_aresetn_0                                                                     |               12 |             31 |
|  uBlaze_i/clk_wiz_0/inst/clk_out1                            | uBlaze_i/logicDMF_0/inst/logicDMF_v1_0_Data_Slave_inst/slv_reg_rden__0                                                                                                                                   | uBlaze_i/logicDMF_0/inst/logicDMF_v1_0_Data_Slave_inst/slv_reg0[0]_i_1_n_0                                                                   |               12 |             32 |
|  uBlaze_i/clk_wiz_0/inst/clk_out1                            | uBlaze_i/microblaze_0_axi_intc/U0/INTC_CORE_I/irq                                                                                                                                                        |                                                                                                                                              |               10 |             32 |
|  uBlaze_i/clk_wiz_0/inst/clk_out1                            | uBlaze_i/microblaze_0/U0/MicroBlaze_Core_I/Performance.Core/Use_Debug_Logic.Master_Core.Debug_Perf/data_rd_reg[0]_i_1_n_0                                                                                | uBlaze_i/microblaze_0/U0/MicroBlaze_Core_I/sync_reset                                                                                        |                8 |             32 |
|  uBlaze_i/clk_wiz_0/inst/clk_out1                            | uBlaze_i/microblaze_0/U0/MicroBlaze_Core_I/Performance.Core/Decode_I/mem_wait_on_ready_N_carry_or/MUXCY_I/lopt_1                                                                                         | uBlaze_i/microblaze_0/U0/MicroBlaze_Core_I/Performance.Core/Decode_I/SR[0]                                                                   |                9 |             32 |
|  uBlaze_i/clk_wiz_0/inst/clk_out1                            | uBlaze_i/microblaze_0_axi_periph/xbar/inst/gen_sasd.crossbar_sasd_0/reg_slice_r/s_axi_rvalid[0]                                                                                                          | uBlaze_i/microblaze_0/U0/MicroBlaze_Core_I/sync_reset                                                                                        |                7 |             32 |
|  uBlaze_i/clk_wiz_0/inst/clk_out1                            | uBlaze_i/microblaze_0/U0/MicroBlaze_Core_I/Performance.Core/Decode_I/PreFetch_Buffer_I1/Gen_Mux_Select_LUT6[2].Gen_Sel_DFF/Using_FPGA.Native_0[0]                                                        | uBlaze_i/microblaze_0/U0/MicroBlaze_Core_I/sync_reset                                                                                        |                9 |             32 |
|  uBlaze_i/clk_wiz_0/inst/clk_out1                            | uBlaze_i/microblaze_0_axi_intc/U0/AXI_LITE_IPIF_I/I_SLAVE_ATTACHMENT/s_axi_rresp_i                                                                                                                       | uBlaze_i/microblaze_0_axi_intc/U0/AXI_LITE_IPIF_I/I_SLAVE_ATTACHMENT/rst                                                                     |                8 |             32 |
|  uBlaze_i/clk_wiz_0/inst/clk_out1                            |                                                                                                                                                                                                          | uBlaze_i/microblaze_0/U0/MicroBlaze_Core_I/Performance.Core/p_1_out                                                                          |                9 |             32 |
|  uBlaze_i/mdm_1/U0/No_Dbg_Reg_Access.BUFG_DRCK/Ext_JTAG_DRCK | uBlaze_i/microblaze_0/U0/MicroBlaze_Core_I/Performance.Core/Use_Debug_Logic.Master_Core.Debug_Perf/New_Dbg_Instr_TCK                                                                                     |                                                                                                                                              |                7 |             32 |
|  uBlaze_i/clk_wiz_0/inst/clk_out1                            | uBlaze_i/microblaze_0/U0/MicroBlaze_Core_I/Performance.Core/Decode_I/Use_MuxCy[3].OF_Piperun_Stage/MUXCY_I/Using_FPGA.Native_0                                                                           | uBlaze_i/microblaze_0/U0/MicroBlaze_Core_I/Performance.Core/Decode_I/R                                                                       |               12 |             32 |
|  uBlaze_i/clk_wiz_0/inst/clk_out1                            | uBlaze_i/microblaze_0/U0/MicroBlaze_Core_I/Performance.Core/Decode_I/Use_MuxCy[3].OF_Piperun_Stage/MUXCY_I/wb_exception_i_reg_0[0]                                                                       | uBlaze_i/microblaze_0/U0/MicroBlaze_Core_I/sync_reset                                                                                        |                4 |             32 |
|  uBlaze_i/clk_wiz_0/inst/clk_out1                            | uBlaze_i/logicDMF_0/inst/logicDMF_v1_0_Hypervisor_Slave_inst/slv_reg_rden__0                                                                                                                             | uBlaze_i/logicDMF_0/inst/logicDMF_v1_0_Hypervisor_Slave_inst/axi_awready_i_1__0_n_0                                                          |               19 |             32 |
|  uBlaze_i/clk_wiz_0/inst/clk_out1                            | uBlaze_i/microblaze_0_axi_periph/xbar/inst/gen_sasd.crossbar_sasd_0/addr_arbiter_inst/E[0]                                                                                                               |                                                                                                                                              |                6 |             33 |
|  uBlaze_i/clk_wiz_0/inst/clk_out1                            | uBlaze_i/microblaze_0/U0/MicroBlaze_Core_I/Performance.Core/Decode_I/mem_wait_on_ready_N_carry_or/MUXCY_I/lopt_1                                                                                         |                                                                                                                                              |                6 |             34 |
|  uBlaze_i/clk_wiz_0/inst/clk_out1                            |                                                                                                                                                                                                          | uBlaze_i/axi_iic_0/U0/X_IIC/REG_INTERFACE_I/cr_i_reg[7]_0                                                                                    |               15 |             41 |
|  uBlaze_i/clk_wiz_0/inst/clk_out1                            |                                                                                                                                                                                                          | uBlaze_i/axi_iic_0/U0/X_IIC/X_AXI_IPIF_SSP1/X_SOFT_RESET/SR[0]                                                                               |               13 |             42 |
|  uBlaze_i/mdm_1/U0/No_Dbg_Reg_Access.BUFG_DRCK/Ext_JTAG_DRCK | uBlaze_i/mdm_1/U0/Use_E2.BSCAN_I/Use_BSCAN.PORT_Selector_reg[0]                                                                                                                                          |                                                                                                                                              |               12 |             47 |
|  uBlaze_i/clk_wiz_0/inst/clk_out1                            | uBlaze_i/microblaze_0_axi_intc/U0/AXI_LITE_IPIF_I/I_SLAVE_ATTACHMENT/I_DECODER/bus2ip_wrce[0]                                                                                                            |                                                                                                                                              |                8 |             64 |
|  uBlaze_i/clk_wiz_0/inst/clk_out1                            | uBlaze_i/microblaze_0/U0/MicroBlaze_Core_I/Performance.Core/Decode_I/PreFetch_Buffer_I1/Instruction_Prefetch_Mux[42].Instr_Mux_MUXF7/IReady_0                                                            |                                                                                                                                              |               11 |             75 |
|  uBlaze_i/mdm_1/U0/No_Dbg_Reg_Access.BUFG_DRCK/Ext_JTAG_DRCK |                                                                                                                                                                                                          |                                                                                                                                              |               29 |             80 |
|  uBlaze_i/clk_wiz_0/inst/clk_out1                            | uBlaze_i/microblaze_0/U0/MicroBlaze_Core_I/Performance.Core/Decode_I/Use_MuxCy[3].OF_Piperun_Stage/MUXCY_I/Using_FPGA.Native_0                                                                           | uBlaze_i/microblaze_0/U0/MicroBlaze_Core_I/sync_reset                                                                                        |               26 |             86 |
|  uBlaze_i/clk_wiz_0/inst/clk_out1                            | uBlaze_i/microblaze_0/U0/MicroBlaze_Core_I/Performance.Core/Decode_I/Performance_Debug_Control.dbg_state_nohalt_reg[27]                                                                                  |                                                                                                                                              |               16 |            128 |
|  uBlaze_i/clk_wiz_0/inst/clk_out1                            |                                                                                                                                                                                                          | uBlaze_i/microblaze_0/U0/MicroBlaze_Core_I/sync_reset                                                                                        |               66 |            156 |
|  uBlaze_i/clk_wiz_0/inst/clk_out1                            | uBlaze_i/microblaze_0/U0/MicroBlaze_Core_I/Performance.Core/Decode_I/Use_MuxCy[11].OF_Piperun_Stage/MUXCY_I/of_pause_reg                                                                                 | uBlaze_i/microblaze_0/U0/MicroBlaze_Core_I/sync_reset                                                                                        |               70 |            221 |
|  uBlaze_i/clk_wiz_0/inst/clk_out1                            |                                                                                                                                                                                                          |                                                                                                                                              |               88 |            254 |
+--------------------------------------------------------------+----------------------------------------------------------------------------------------------------------------------------------------------------------------------------------------------------------+----------------------------------------------------------------------------------------------------------------------------------------------+------------------+----------------+


