#-----------------------------------------------------------
# Vivado v2019.1 (64-bit)
# SW Build 2552052 on Fri May 24 14:49:42 MDT 2019
# IP Build 2548770 on Fri May 24 18:01:18 MDT 2019
# Start of session at: Sun Sep 12 13:06:29 2021
# Process ID: 38940
# Current directory: C:/Users/chase/OneDrive/Documents/GitHub/vivadoRepo/glue
# Command line: vivado.exe -gui_launcher_event rodinguilauncherevent37412 C:\Users\chase\OneDrive\Documents\GitHub\vivadoRepo\glue\glue.xpr
# Log file: C:/Users/chase/OneDrive/Documents/GitHub/vivadoRepo/glue/vivado.log
# Journal file: C:/Users/chase/OneDrive/Documents/GitHub/vivadoRepo/glue\vivado.jou
#-----------------------------------------------------------
start_gui
open_project C:/Users/chase/OneDrive/Documents/GitHub/vivadoRepo/glue/glue.xpr
INFO: [Project 1-313] Project file moved from 'C:/Users/FemtoFluidics/Desktop/glue' since last save.
Scanning sources...
Finished scanning sources
WARNING: [filemgmt 56-2] IP Repository Path: Could not find the directory 'C:/Users/chase/OneDrive/Documents/GitHub/vivadoRepo/ip_repo/logicDMF_1.0', nor could it be found using path 'C:/Users/FemtoFluidics/Desktop/ip_repo/logicDMF_1.0'.
WARNING: [filemgmt 56-2] IPUserFilesDir: Could not find the directory 'C:/Users/chase/OneDrive/Documents/GitHub/vivadoRepo/glue/glue.ip_user_files', nor could it be found using path 'C:/Users/FemtoFluidics/Desktop/glue/glue.ip_user_files'.
INFO: [IP_Flow 19-234] Refreshing IP repositories
WARNING: [IP_Flow 19-2248] Failed to load user IP repository 'c:/Users/chase/OneDrive/Documents/GitHub/vivadoRepo/ip_repo/logicDMF_1.0'; Can't find the specified path.
If this directory should no longer be in your list of user repositories, go to the IP Settings dialog and remove it.
INFO: [IP_Flow 19-2313] Loaded Vivado IP repository 'C:/Xilinx/Vivado/2019.1/data/ip'.
WARNING: [BD 41-1661] One or more IPs have been locked in the design 'DMF_Translation.bd'. Please run report_ip_status for more details and recommendations on how to fix this issue.
List of locked IPs:
DMF_Translation_logicDMF_0_0

open_project: Time (s): cpu = 00:01:07 ; elapsed = 00:00:48 . Memory (MB): peak = 981.324 ; gain = 373.738
update_compile_order -fileset sources_1
reset_run synth_1
reset_run DMF_Translation_mig_7series_0_1_synth_1
launch_runs impl_1 -to_step write_bitstream -jobs 4
INFO: [IP_Flow 19-4993] Using cached IP synthesis design for IP DMF_Translation_mig_7series_0_1, cache-ID = d48f63d3e266498f; cache size = 27.831 MB.
WARNING: [Vivado 12-4801] The synthesis checkpoint for IP 'C:/Users/chase/OneDrive/Documents/GitHub/vivadoRepo/glue/glue.srcs/sources_1/bd/DMF_Translation/ip/DMF_Translation_mig_7series_0_1/DMF_Translation_mig_7series_0_1.xci' is available but stale and the IP is locked. An out-of-context (OOC) run will be created and/or launched, but synthesis may not be able to complete or could result in incorrect behavior.
Please select 'Report IP Status' from the 'Tools/Report' menu or run Tcl command 'report_ip_status' for more information.
[Sun Sep 12 13:08:28 2021] Launched DMF_Translation_mig_7series_0_1_synth_1, synth_1...
Run output will be captured here:
DMF_Translation_mig_7series_0_1_synth_1: C:/Users/chase/OneDrive/Documents/GitHub/vivadoRepo/glue/glue.runs/DMF_Translation_mig_7series_0_1_synth_1/runme.log
synth_1: C:/Users/chase/OneDrive/Documents/GitHub/vivadoRepo/glue/glue.runs/synth_1/runme.log
[Sun Sep 12 13:08:28 2021] Launched impl_1...
Run output will be captured here: C:/Users/chase/OneDrive/Documents/GitHub/vivadoRepo/glue/glue.runs/impl_1/runme.log
launch_runs: Time (s): cpu = 00:00:09 ; elapsed = 00:00:07 . Memory (MB): peak = 1353.742 ; gain = 0.000
file copy -force C:/Users/chase/OneDrive/Documents/GitHub/vivadoRepo/glue/glue.runs/impl_1/DMF_Translation_wrapper.sysdef C:/Users/chase/OneDrive/Documents/GitHub/vivadoRepo/glue/glue.sdk/DMF_Translation_wrapper.hdf

launch_sdk -workspace C:/Users/chase/OneDrive/Documents/GitHub/vivadoRepo/glue/glue.sdk -hwspec C:/Users/chase/OneDrive/Documents/GitHub/vivadoRepo/glue/glue.sdk/DMF_Translation_wrapper.hdf
INFO: [Vivado 12-393] Launching SDK...
INFO: [Vivado 12-417] Running xsdk -workspace C:/Users/chase/OneDrive/Documents/GitHub/vivadoRepo/glue/glue.sdk -hwspec C:/Users/chase/OneDrive/Documents/GitHub/vivadoRepo/glue/glue.sdk/DMF_Translation_wrapper.hdf
INFO: [Vivado 12-3157] SDK launch initiated. Please check console for any further messages.
launch_sdk -workspace C:/Users/chase/OneDrive/Documents/GitHub/vivadoRepo/glue/glue.sdk -hwspec C:/Users/chase/OneDrive/Documents/GitHub/vivadoRepo/glue/glue.sdk/DMF_Translation_wrapper.hdf
INFO: [Vivado 12-393] Launching SDK...
INFO: [Vivado 12-417] Running xsdk -workspace C:/Users/chase/OneDrive/Documents/GitHub/vivadoRepo/glue/glue.sdk -hwspec C:/Users/chase/OneDrive/Documents/GitHub/vivadoRepo/glue/glue.sdk/DMF_Translation_wrapper.hdf
INFO: [Vivado 12-3157] SDK launch initiated. Please check console for any further messages.
exit
INFO: [Common 17-206] Exiting Vivado at Sun Sep 12 14:41:53 2021...
