#-----------------------------------------------------------
# Webtalk v2019.1 (64-bit)
# SW Build 2552052 on Fri May 24 14:49:42 MDT 2019
# 
# Start of session at: Sun Sep 12 14:41:42 2021
# Process ID: 43360
# Current directory: C:/Users/chase/OneDrive/Documents/GitHub/vivadoRepo/glue/glue.sdk/webtalk
# Command line: wbtcv.exe -mode batch -source sdk_webtalk.tcl
# Log file: C:/Users/chase/OneDrive/Documents/GitHub/vivadoRepo/glue/glue.sdk/webtalk/webtalk.log
# Journal file: C:/Users/chase/OneDrive/Documents/GitHub/vivadoRepo/glue/glue.sdk/webtalk\webtalk.jou
#-----------------------------------------------------------
source sdk_webtalk.tcl
# webtalk_init -webtalk_dir C:\\Users\\chase\\OneDrive\\Documents\\GitHub\\vivadoRepo\\glue\\glue.sdk\\webtalk
# webtalk_register_client -client project
# webtalk_add_data -client project -key date_generated -value "2021-09-12 14:41:40" -context "software_version_and_target_device"
# webtalk_add_data -client project -key product_version -value "SDK v2019.1" -context "software_version_and_target_device"
# webtalk_add_data -client project -key build_version -value "2019.1" -context "software_version_and_target_device"
# webtalk_add_data -client project -key os_platform -value "amd64" -context "software_version_and_target_device"
# webtalk_add_data -client project -key registration_id -value "" -context "software_version_and_target_device"
# webtalk_add_data -client project -key tool_flow -value "SDK" -context "software_version_and_target_device"
# webtalk_add_data -client project -key beta -value "false" -context "software_version_and_target_device"
# webtalk_add_data -client project -key route_design -value "NA" -context "software_version_and_target_device"
# webtalk_add_data -client project -key target_family -value "NA" -context "software_version_and_target_device"
# webtalk_add_data -client project -key target_device -value "NA" -context "software_version_and_target_device"
# webtalk_add_data -client project -key target_package -value "NA" -context "software_version_and_target_device"
# webtalk_add_data -client project -key target_speed -value "NA" -context "software_version_and_target_device"
# webtalk_add_data -client project -key random_id -value "efuovq696b4mq377l8s4j4hr2o" -context "software_version_and_target_device"
# webtalk_add_data -client project -key project_id -value "2019.1_7" -context "software_version_and_target_device"
# webtalk_add_data -client project -key project_iteration -value "7" -context "software_version_and_target_device"
# webtalk_add_data -client project -key os_name -value "Microsoft Windows 8 or later , 64-bit" -context "user_environment"
# webtalk_add_data -client project -key os_release -value "major release  (build 9200)" -context "user_environment"
# webtalk_add_data -client project -key cpu_name -value "Intel(R) Core(TM) i5-10210U CPU @ 1.60GHz" -context "user_environment"
# webtalk_add_data -client project -key cpu_speed -value "2112 MHz" -context "user_environment"
# webtalk_add_data -client project -key total_processors -value "1" -context "user_environment"
# webtalk_add_data -client project -key system_ram -value "8.379 GB" -context "user_environment"
# webtalk_register_client -client sdk
# webtalk_add_data -client sdk -key uid -value "1631470741747" -context "sdk\\\\bsp/1631470741747"
# webtalk_add_data -client sdk -key hwid -value "1629407664951" -context "sdk\\\\bsp/1631470741747"
# webtalk_add_data -client sdk -key os -value "standalone" -context "sdk\\\\bsp/1631470741747"
# webtalk_add_data -client sdk -key apptemplate -value "empty_application" -context "sdk\\\\bsp/1631470741747"
# webtalk_add_data -client sdk -key RecordType -value "BSPCreation" -context "sdk\\\\bsp/1631470741747"
# webtalk_add_data -client sdk -key uid -value "1631470748951" -context "sdk\\\\application/1631470748951"
# webtalk_add_data -client sdk -key hwid -value "1629407664951" -context "sdk\\\\application/1631470748951"
# webtalk_add_data -client sdk -key bspid -value "1631470741747" -context "sdk\\\\application/1631470748951"
# webtalk_add_data -client sdk -key newbsp -value "true" -context "sdk\\\\application/1631470748951"
# webtalk_add_data -client sdk -key os -value "standalone" -context "sdk\\\\application/1631470748951"
# webtalk_add_data -client sdk -key apptemplate -value "empty_application" -context "sdk\\\\application/1631470748951"
# webtalk_add_data -client sdk -key RecordType -value "APPCreation" -context "sdk\\\\application/1631470748951"
# webtalk_add_data -client sdk -key LangUsed -value "CPP" -context "sdk\\\\application/1631470748951"
# webtalk_add_data -client sdk -key Procused -value "microblaze" -context "sdk\\\\application/1631470748951"
# webtalk_add_data -client sdk -key projSize -value "17.79296875" -context "sdk\\\\application/1631470748951"
# webtalk_add_data -client sdk -key uid -value "NA" -context "sdk\\\\bsp/1631475700398"
# webtalk_add_data -client sdk -key RecordType -value "ToolUsage" -context "sdk\\\\bsp/1631475700398"
# webtalk_add_data -client sdk -key BootgenCount -value "0" -context "sdk\\\\bsp/1631475700398"
# webtalk_add_data -client sdk -key DebugCount -value "0" -context "sdk\\\\bsp/1631475700398"
# webtalk_add_data -client sdk -key PerfCount -value "0" -context "sdk\\\\bsp/1631475700398"
# webtalk_add_data -client sdk -key FlashCount -value "0" -context "sdk\\\\bsp/1631475700398"
# webtalk_add_data -client sdk -key CrossTriggCount -value "0" -context "sdk\\\\bsp/1631475700398"
# webtalk_add_data -client sdk -key QemuDebugCount -value "0" -context "sdk\\\\bsp/1631475700398"
# webtalk_transmit -clientid 1006869924 -regid "" -xml C:\\Users\\chase\\OneDrive\\Documents\\GitHub\\vivadoRepo\\glue\\glue.sdk\\webtalk\\usage_statistics_ext_sdk.xml -html C:\\Users\\chase\\OneDrive\\Documents\\GitHub\\vivadoRepo\\glue\\glue.sdk\\webtalk\\usage_statistics_ext_sdk.html -wdm C:\\Users\\chase\\OneDrive\\Documents\\GitHub\\vivadoRepo\\glue\\glue.sdk\\webtalk\\sdk_webtalk.wdm -intro "<H3>SDK Usage Report</H3><BR>"
INFO: [Common 17-186] 'C:\Users\chase\OneDrive\Documents\GitHub\vivadoRepo\glue\glue.sdk\webtalk\usage_statistics_ext_sdk.xml' has been successfully sent to Xilinx on Sun Sep 12 14:41:46 2021. For additional details about this file, please refer to the WebTalk help file at C:/Xilinx/SDK/2019.1/doc/webtalk_introduction.html.
# webtalk_terminate
INFO: [Common 17-206] Exiting Webtalk at Sun Sep 12 14:41:46 2021...
