Copyright 1986-2019 Xilinx, Inc. All Rights Reserved.
-------------------------------------------------------------------------------------------------------------------------------------------------------------------------------------------
| Tool Version     : Vivado v.2019.1 (win64) Build 2552052 Fri May 24 14:49:42 MDT 2019
| Date             : Sun Sep 26 13:54:09 2021
| Host             : DESKTOP-D13TGPE running 64-bit major release  (build 9200)
| Command          : report_power -file DMF_Translation_wrapper_power_routed.rpt -pb DMF_Translation_wrapper_power_summary_routed.pb -rpx DMF_Translation_wrapper_power_routed.rpx
| Design           : DMF_Translation_wrapper
| Device           : xc7a35ticsg324-1L
| Design State     : routed
| Grade            : industrial
| Process          : typical
| Characterization : Production
-------------------------------------------------------------------------------------------------------------------------------------------------------------------------------------------

Power Report

Table of Contents
-----------------
1. Summary
1.1 On-Chip Components
1.2 Power Supply Summary
1.3 Confidence Level
2. Settings
2.1 Environment
2.2 Clock Constraints
3. Detailed Reports
3.1 By Hierarchy

1. Summary
----------

+--------------------------+--------------+
| Total On-Chip Power (W)  | 0.817        |
| Design Power Budget (W)  | Unspecified* |
| Power Budget Margin (W)  | NA           |
| Dynamic (W)              | 0.753        |
| Device Static (W)        | 0.065        |
| Effective TJA (C/W)      | 4.8          |
| Max Ambient (C)          | 96.1         |
| Junction Temperature (C) | 28.9         |
| Confidence Level         | Low          |
| Setting File             | ---          |
| Simulation Activity File | ---          |
| Design Nets Matched      | NA           |
+--------------------------+--------------+
* Specify Design Power Budget using, set_operating_conditions -design_power_budget <value in Watts>


1.1 On-Chip Components
----------------------

+--------------------------+-----------+----------+-----------+-----------------+
| On-Chip                  | Power (W) | Used     | Available | Utilization (%) |
+--------------------------+-----------+----------+-----------+-----------------+
| Clocks                   |     0.031 |       29 |       --- |             --- |
| Slice Logic              |     0.012 |    19586 |       --- |             --- |
|   LUT as Logic           |     0.010 |     7723 |     20800 |           37.13 |
|   LUT as Distributed RAM |    <0.001 |      592 |      9600 |            6.17 |
|   Register               |    <0.001 |     7616 |     41600 |           18.31 |
|   CARRY4                 |    <0.001 |      226 |      8150 |            2.77 |
|   F7/F8 Muxes            |    <0.001 |      142 |     32600 |            0.44 |
|   LUT as Shift Register  |    <0.001 |      242 |      9600 |            2.52 |
|   Others                 |    <0.001 |      786 |       --- |             --- |
| Signals                  |     0.015 |    14726 |       --- |             --- |
| Block RAM                |     0.005 |       12 |        50 |           24.00 |
| MMCM                     |     0.195 |        2 |         5 |           40.00 |
| PLL                      |     0.116 |        1 |         5 |           20.00 |
| I/O                      |     0.265 |       74 |       210 |           35.24 |
| PHASER                   |     0.111 |       14 |       --- |             --- |
| XADC                     |     0.004 |        1 |       --- |             --- |
| Static Power             |     0.065 |          |           |                 |
| Total                    |     0.817 |          |           |                 |
+--------------------------+-----------+----------+-----------+-----------------+


1.2 Power Supply Summary
------------------------

+-----------+-------------+-----------+-------------+------------+
| Source    | Voltage (V) | Total (A) | Dynamic (A) | Static (A) |
+-----------+-------------+-----------+-------------+------------+
| Vccint    |       0.950 |     0.109 |       0.102 |      0.007 |
| Vccaux    |       1.800 |     0.284 |       0.273 |      0.011 |
| Vcco33    |       3.300 |     0.002 |       0.001 |      0.001 |
| Vcco25    |       2.500 |     0.000 |       0.000 |      0.000 |
| Vcco18    |       1.800 |     0.000 |       0.000 |      0.000 |
| Vcco15    |       1.500 |     0.000 |       0.000 |      0.000 |
| Vcco135   |       1.350 |     0.118 |       0.117 |      0.001 |
| Vcco12    |       1.200 |     0.000 |       0.000 |      0.000 |
| Vccaux_io |       1.800 |     0.000 |       0.000 |      0.000 |
| Vccbram   |       0.950 |     0.001 |       0.000 |      0.000 |
| MGTAVcc   |       1.000 |     0.000 |       0.000 |      0.000 |
| MGTAVtt   |       1.200 |     0.000 |       0.000 |      0.000 |
| Vccadc    |       1.800 |     0.020 |       0.002 |      0.018 |
+-----------+-------------+-----------+-------------+------------+


1.3 Confidence Level
--------------------

+-----------------------------+------------+--------------------------------------------------------+------------------------------------------------------------------------------------------------------------+
| User Input Data             | Confidence | Details                                                | Action                                                                                                     |
+-----------------------------+------------+--------------------------------------------------------+------------------------------------------------------------------------------------------------------------+
| Design implementation state | High       | Design is routed                                       |                                                                                                            |
| Clock nodes activity        | High       | User specified more than 95% of clocks                 |                                                                                                            |
| I/O nodes activity          | Low        | More than 75% of inputs are missing user specification | Provide missing input activity with simulation results or by editing the "By Resource Type -> I/Os" view   |
| Internal nodes activity     | Medium     | User specified less than 25% of internal nodes         | Provide missing internal nodes activity with simulation results or by editing the "By Resource Type" views |
| Device models               | High       | Device models are Production                           |                                                                                                            |
|                             |            |                                                        |                                                                                                            |
| Overall confidence level    | Low        |                                                        |                                                                                                            |
+-----------------------------+------------+--------------------------------------------------------+------------------------------------------------------------------------------------------------------------+


2. Settings
-----------

2.1 Environment
---------------

+-----------------------+--------------------------+
| Ambient Temp (C)      | 25.0                     |
| ThetaJA (C/W)         | 4.8                      |
| Airflow (LFM)         | 250                      |
| Heat Sink             | medium (Medium Profile)  |
| ThetaSA (C/W)         | 4.6                      |
| Board Selection       | medium (10"x10")         |
| # of Board Layers     | 12to15 (12 to 15 Layers) |
| Board Temperature (C) | 25.0                     |
+-----------------------+--------------------------+


2.2 Clock Constraints
---------------------

+-----------------------------------------------------------------------------------------------------------------------------------------------------------+------------------------------------------------------------------------------------------------------------------------------------------------------------------------------------------------------------------------------------------+-----------------+
| Clock                                                                                                                                                     | Domain                                                                                                                                                                                                                                   | Constraint (ns) |
+-----------------------------------------------------------------------------------------------------------------------------------------------------------+------------------------------------------------------------------------------------------------------------------------------------------------------------------------------------------------------------------------------------------+-----------------+
| DMF_Translation_i/mdm_1/U0/Use_E2.BSCAN_I/Use_E2.BSCANE2_I/DRCK                                                                                           | DMF_Translation_i/mdm_1/U0/Use_E2.BSCAN_I/DRCK                                                                                                                                                                                           |            33.3 |
| DMF_Translation_i/mdm_1/U0/Use_E2.BSCAN_I/Use_E2.BSCANE2_I/UPDATE                                                                                         | DMF_Translation_i/mdm_1/U0/Use_E2.BSCAN_I/Dbg_Update_0                                                                                                                                                                                   |            33.3 |
| clk_out2_DMF_Translation_clk_wiz_1_0                                                                                                                      | DMF_Translation_i/clk_wiz_1/inst/clk_out2_DMF_Translation_clk_wiz_1_0                                                                                                                                                                    |             6.0 |
| clk_out3_DMF_Translation_clk_wiz_1_0                                                                                                                      | DMF_Translation_i/clk_wiz_1/inst/clk_out3_DMF_Translation_clk_wiz_1_0                                                                                                                                                                    |             5.0 |
| clk_out4_DMF_Translation_clk_wiz_1_0                                                                                                                      | DMF_Translation_i/clk_wiz_1/inst/clk_out4_DMF_Translation_clk_wiz_1_0                                                                                                                                                                    |            40.0 |
| clk_pll_i                                                                                                                                                 | DMF_Translation_i/mig_7series_0/u_DMF_Translation_mig_7series_0_1_mig/u_ddr3_infrastructure/clk_pll_i                                                                                                                                    |            12.0 |
| clkfbout_DMF_Translation_clk_wiz_1_0                                                                                                                      | DMF_Translation_i/clk_wiz_1/inst/clkfbout_DMF_Translation_clk_wiz_1_0                                                                                                                                                                    |            10.0 |
| eth_mii_rx_clk                                                                                                                                            | eth_mii_rx_clk                                                                                                                                                                                                                           |            40.0 |
| eth_mii_tx_clk                                                                                                                                            | eth_mii_tx_clk                                                                                                                                                                                                                           |            40.0 |
| freq_refclk                                                                                                                                               | DMF_Translation_i/mig_7series_0/u_DMF_Translation_mig_7series_0_1_mig/u_ddr3_infrastructure/freq_refclk                                                                                                                                  |             1.5 |
| iserdes_clkdiv                                                                                                                                            | DMF_Translation_i/mig_7series_0/u_DMF_Translation_mig_7series_0_1_mig/u_memc_ui_top_axi/mem_intfc0/ddr_phy_top0/u_ddr_mc_phy_wrapper/u_ddr_mc_phy/ddr_phy_4lanes_0.u_ddr_phy_4lanes/ddr_byte_lane_C.ddr_byte_lane_C/iserdes_clkdiv       |            12.0 |
| iserdes_clkdiv_1                                                                                                                                          | DMF_Translation_i/mig_7series_0/u_DMF_Translation_mig_7series_0_1_mig/u_memc_ui_top_axi/mem_intfc0/ddr_phy_top0/u_ddr_mc_phy_wrapper/u_ddr_mc_phy/ddr_phy_4lanes_0.u_ddr_phy_4lanes/ddr_byte_lane_D.ddr_byte_lane_D/iserdes_clkdiv       |            12.0 |
| mem_refclk                                                                                                                                                | DMF_Translation_i/mig_7series_0/u_DMF_Translation_mig_7series_0_1_mig/u_ddr3_infrastructure/mem_refclk                                                                                                                                   |             3.0 |
| oserdes_clk                                                                                                                                               | DMF_Translation_i/mig_7series_0/u_DMF_Translation_mig_7series_0_1_mig/u_memc_ui_top_axi/mem_intfc0/ddr_phy_top0/u_ddr_mc_phy_wrapper/u_ddr_mc_phy/ddr_phy_4lanes_0.u_ddr_phy_4lanes/ddr_byte_lane_A.ddr_byte_lane_A/oserdes_clk          |             3.0 |
| oserdes_clk_1                                                                                                                                             | DMF_Translation_i/mig_7series_0/u_DMF_Translation_mig_7series_0_1_mig/u_memc_ui_top_axi/mem_intfc0/ddr_phy_top0/u_ddr_mc_phy_wrapper/u_ddr_mc_phy/ddr_phy_4lanes_0.u_ddr_phy_4lanes/ddr_byte_lane_B.ddr_byte_lane_B/oserdes_clk          |             3.0 |
| oserdes_clk_2                                                                                                                                             | DMF_Translation_i/mig_7series_0/u_DMF_Translation_mig_7series_0_1_mig/u_memc_ui_top_axi/mem_intfc0/ddr_phy_top0/u_ddr_mc_phy_wrapper/u_ddr_mc_phy/ddr_phy_4lanes_0.u_ddr_phy_4lanes/ddr_byte_lane_C.ddr_byte_lane_C/oserdes_clk          |             3.0 |
| oserdes_clk_3                                                                                                                                             | DMF_Translation_i/mig_7series_0/u_DMF_Translation_mig_7series_0_1_mig/u_memc_ui_top_axi/mem_intfc0/ddr_phy_top0/u_ddr_mc_phy_wrapper/u_ddr_mc_phy/ddr_phy_4lanes_0.u_ddr_phy_4lanes/ddr_byte_lane_D.ddr_byte_lane_D/oserdes_clk          |             3.0 |
| oserdes_clkdiv                                                                                                                                            | DMF_Translation_i/mig_7series_0/u_DMF_Translation_mig_7series_0_1_mig/u_memc_ui_top_axi/mem_intfc0/ddr_phy_top0/u_ddr_mc_phy_wrapper/u_ddr_mc_phy/ddr_phy_4lanes_0.u_ddr_phy_4lanes/ddr_byte_lane_A.ddr_byte_lane_A/oserdes_clkdiv       |            12.0 |
| oserdes_clkdiv_1                                                                                                                                          | DMF_Translation_i/mig_7series_0/u_DMF_Translation_mig_7series_0_1_mig/u_memc_ui_top_axi/mem_intfc0/ddr_phy_top0/u_ddr_mc_phy_wrapper/u_ddr_mc_phy/ddr_phy_4lanes_0.u_ddr_phy_4lanes/ddr_byte_lane_B.ddr_byte_lane_B/oserdes_clkdiv       |            12.0 |
| oserdes_clkdiv_2                                                                                                                                          | DMF_Translation_i/mig_7series_0/u_DMF_Translation_mig_7series_0_1_mig/u_memc_ui_top_axi/mem_intfc0/ddr_phy_top0/u_ddr_mc_phy_wrapper/u_ddr_mc_phy/ddr_phy_4lanes_0.u_ddr_phy_4lanes/ddr_byte_lane_C.ddr_byte_lane_C/oserdes_clkdiv       |             6.0 |
| oserdes_clkdiv_3                                                                                                                                          | DMF_Translation_i/mig_7series_0/u_DMF_Translation_mig_7series_0_1_mig/u_memc_ui_top_axi/mem_intfc0/ddr_phy_top0/u_ddr_mc_phy_wrapper/u_ddr_mc_phy/ddr_phy_4lanes_0.u_ddr_phy_4lanes/ddr_byte_lane_D.ddr_byte_lane_D/oserdes_clkdiv       |             6.0 |
| pll_clk3_out                                                                                                                                              | DMF_Translation_i/mig_7series_0/u_DMF_Translation_mig_7series_0_1_mig/u_ddr3_infrastructure/pll_clk3_out                                                                                                                                 |            12.0 |
| pll_clkfbout                                                                                                                                              | DMF_Translation_i/mig_7series_0/u_DMF_Translation_mig_7series_0_1_mig/u_ddr3_infrastructure/pll_clkfbout                                                                                                                                 |             6.0 |
| sync_pulse                                                                                                                                                | DMF_Translation_i/mig_7series_0/u_DMF_Translation_mig_7series_0_1_mig/u_ddr3_infrastructure/sync_pulse                                                                                                                                   |            48.0 |
| sys_clock                                                                                                                                                 | sys_clock                                                                                                                                                                                                                                |            10.0 |
| u_memc_ui_top_axi/mem_intfc0/ddr_phy_top0/u_ddr_mc_phy_wrapper/u_ddr_mc_phy/ddr_phy_4lanes_0.u_ddr_phy_4lanes/ddr_byte_lane_C.ddr_byte_lane_C/iserdes_clk | DMF_Translation_i/mig_7series_0/u_DMF_Translation_mig_7series_0_1_mig/u_memc_ui_top_axi/mem_intfc0/ddr_phy_top0/u_ddr_mc_phy_wrapper/u_ddr_mc_phy/ddr_phy_4lanes_0.u_ddr_phy_4lanes/ddr_byte_lane_C.ddr_byte_lane_C/A_rst_primitives_reg |             3.0 |
| u_memc_ui_top_axi/mem_intfc0/ddr_phy_top0/u_ddr_mc_phy_wrapper/u_ddr_mc_phy/ddr_phy_4lanes_0.u_ddr_phy_4lanes/ddr_byte_lane_D.ddr_byte_lane_D/iserdes_clk | DMF_Translation_i/mig_7series_0/u_DMF_Translation_mig_7series_0_1_mig/u_memc_ui_top_axi/mem_intfc0/ddr_phy_top0/u_ddr_mc_phy_wrapper/u_ddr_mc_phy/ddr_phy_4lanes_0.u_ddr_phy_4lanes/ddr_byte_lane_D.ddr_byte_lane_D/A_rst_primitives_reg |             3.0 |
+-----------------------------------------------------------------------------------------------------------------------------------------------------------+------------------------------------------------------------------------------------------------------------------------------------------------------------------------------------------------------------------------------------------+-----------------+


3. Detailed Reports
-------------------

3.1 By Hierarchy
----------------

+---------------------------------------------+-----------+
| Name                                        | Power (W) |
+---------------------------------------------+-----------+
| DMF_Translation_wrapper                     |     0.753 |
|   DMF_Translation_i                         |     0.749 |
|     DMF_processor                           |     0.008 |
|       U0                                    |     0.008 |
|     DMF_processor_axi_periph                |     0.006 |
|       m05_couplers                          |     0.002 |
|       xbar                                  |     0.002 |
|     axi_ethernetlite_0                      |     0.008 |
|       U0                                    |     0.008 |
|     axi_timer_0                             |     0.002 |
|       U0                                    |     0.002 |
|     clk_wiz_1                               |     0.107 |
|       inst                                  |     0.107 |
|     logicDMF_0                              |     0.001 |
|       inst                                  |     0.001 |
|     microblaze_0_local_memory               |     0.002 |
|       lmb_bram                              |     0.002 |
|     mig_7series_0                           |     0.612 |
|       u_DMF_Translation_mig_7series_0_1_mig |     0.611 |
+---------------------------------------------+-----------+


