16:14:18 INFO  : Registering command handlers for SDK TCF services
16:14:18 INFO  : Launching XSCT server: xsct.bat -interactive C:\Users\FemtoFluidics\Desktop\glue\glue.sdk\temp_xsdb_launch_script.tcl
16:14:20 INFO  : XSCT server has started successfully.
16:14:20 INFO  : Successfully done setting XSCT server connection channel  
16:14:22 INFO  : Successfully done setting SDK workspace  
16:14:22 INFO  : Processing command line option -hwspec C:/Users/FemtoFluidics/Desktop/glue/glue.sdk/DMF_Translation_wrapper.hdf.
16:16:47 ERROR : (XSDB Server)ERROR: [Hsi 55-1487] Memory(microblaze_0_local_memory_ilmb_bram_if_cntlr_Mem_microblaze_0_
16:16:47 ERROR : (XSDB Server)local_memory_dlmb_bram_if_cntlr_Mem) not Big Enough
ERROR: [Hsi 55-1487] Memory(microblaze_0_local_memory_ilmb_bram_if_cntlr_Mem_microblaze_0_local_memory_dlmb_bram_if_cntlr_Mem) not Big Enough
ERROR: [Hsi 55-1435] Error generating linker script
ERROR: [Hsi 55-1438] Error running generate_app.

16:16:47 ERROR : Failed to call GENERATE_APP 
Reason: ERROR: [Common 17-39] 'hsi::generate_app' failed due to earlier errors.

16:16:47 ERROR : 
java.lang.RuntimeException: Failed to call GENERATE_APP 
Reason: ERROR: [Common 17-39] 'hsi::generate_app' failed due to earlier errors.

	at com.xilinx.sdk.xsdb.XsdbCommandUtils.handleResult(XsdbCommandUtils.java:372)
	at com.xilinx.sdk.xsdb.XsdbCommandUtils.executeAndRespond(XsdbCommandUtils.java:310)
	at com.xilinx.sdk.appwiz.internal.AppGen.generate(AppGen.java:555)
	at com.xilinx.sdk.appwiz.core.StandaloneProjectHandler.createCoreApp(StandaloneProjectHandler.java:107)
	at com.xilinx.sdk.appwiz.core.AppCreationHandler.createApplication(AppCreationHandler.java:131)
	at com.xilinx.sdk.appwiz.core.AppCreationHandler$1.run(AppCreationHandler.java:67)
	at org.eclipse.core.internal.resources.Workspace.run(Workspace.java:2240)
	at org.eclipse.core.internal.resources.Workspace.run(Workspace.java:2262)
	at com.xilinx.sdk.appwiz.core.AppCreationHandler.execute(AppCreationHandler.java:63)
	at com.xilinx.sdk.appwiz.ApplicationWizard.createNewProject(ApplicationWizard.java:118)
	at org.eclipse.cdt.ui.wizards.NewCProjectWizard.doRun(NewCProjectWizard.java:293)
	at org.eclipse.cdt.ui.wizards.NewCProjectWizard$1$1$1.run(NewCProjectWizard.java:235)
	at org.eclipse.ui.actions.WorkspaceModifyDelegatingOperation.execute(WorkspaceModifyDelegatingOperation.java:67)
	at org.eclipse.ui.actions.WorkspaceModifyOperation.lambda$0(WorkspaceModifyOperation.java:107)
	at org.eclipse.core.internal.resources.Workspace.run(Workspace.java:2240)
	at org.eclipse.core.internal.resources.Workspace.run(Workspace.java:2267)
	at org.eclipse.ui.actions.WorkspaceModifyOperation.run(WorkspaceModifyOperation.java:128)
	at org.eclipse.jface.operation.ModalContext.runInCurrentThread(ModalContext.java:437)
	at org.eclipse.jface.operation.ModalContext.run(ModalContext.java:353)
	at org.eclipse.jface.wizard.WizardDialog.run(WizardDialog.java:993)
	at org.eclipse.cdt.ui.wizards.NewCProjectWizard$1$1.run(NewCProjectWizard.java:245)
	at org.eclipse.ui.internal.UILockListener.doPendingWork(UILockListener.java:162)
	at org.eclipse.ui.internal.UISynchronizer$3.run(UISynchronizer.java:154)
	at org.eclipse.swt.widgets.RunnableLock.run(RunnableLock.java:35)
	at org.eclipse.swt.widgets.Synchronizer.runAsyncMessages(Synchronizer.java:182)
	at org.eclipse.swt.widgets.Display.runAsyncMessages(Display.java:4203)
	at org.eclipse.swt.widgets.Display.readAndDispatch(Display.java:3819)
	at org.eclipse.jface.operation.ModalContext$ModalContextThread.block(ModalContext.java:165)
	at org.eclipse.jface.operation.ModalContext.run(ModalContext.java:369)
	at org.eclipse.jface.wizard.WizardDialog.run(WizardDialog.java:993)
	at org.eclipse.cdt.ui.wizards.NewCProjectWizard.invokeRunnable(NewCProjectWizard.java:272)
	at org.eclipse.cdt.ui.wizards.NewCProjectWizard.performFinish(NewCProjectWizard.java:162)
	at com.xilinx.sdk.appwiz.ApplicationWizard.performFinish(ApplicationWizard.java:159)
	at org.eclipse.jface.wizard.WizardDialog.finishPressed(WizardDialog.java:790)
	at org.eclipse.jface.wizard.WizardDialog.buttonPressed(WizardDialog.java:423)
	at org.eclipse.jface.dialogs.Dialog$2.widgetSelected(Dialog.java:618)
	at org.eclipse.swt.widgets.TypedListener.handleEvent(TypedListener.java:249)
	at org.eclipse.swt.widgets.EventTable.sendEvent(EventTable.java:84)
	at org.eclipse.swt.widgets.Display.sendEvent(Display.java:4410)
	at org.eclipse.swt.widgets.Widget.sendEvent(Widget.java:1079)
	at org.eclipse.swt.widgets.Display.runDeferredEvents(Display.java:4228)
	at org.eclipse.swt.widgets.Display.readAndDispatch(Display.java:3816)
	at org.eclipse.jface.window.Window.runEventLoop(Window.java:818)
	at org.eclipse.jface.window.Window.open(Window.java:794)
	at org.eclipse.ui.internal.actions.NewWizardShortcutAction.run(NewWizardShortcutAction.java:133)
	at org.eclipse.jface.action.Action.runWithEvent(Action.java:473)
	at org.eclipse.jface.action.ActionContributionItem.handleWidgetSelection(ActionContributionItem.java:565)
	at org.eclipse.jface.action.ActionContributionItem.lambda$4(ActionContributionItem.java:397)
	at org.eclipse.swt.widgets.EventTable.sendEvent(EventTable.java:84)
	at org.eclipse.swt.widgets.Display.sendEvent(Display.java:4410)
	at org.eclipse.swt.widgets.Widget.sendEvent(Widget.java:1079)
	at org.eclipse.swt.widgets.Display.runDeferredEvents(Display.java:4228)
	at org.eclipse.swt.widgets.Display.readAndDispatch(Display.java:3816)
	at org.eclipse.e4.ui.internal.workbench.swt.PartRenderingEngine$4.run(PartRenderingEngine.java:1121)
	at org.eclipse.core.databinding.observable.Realm.runWithDefault(Realm.java:336)
	at org.eclipse.e4.ui.internal.workbench.swt.PartRenderingEngine.run(PartRenderingEngine.java:1022)
	at org.eclipse.e4.ui.internal.workbench.E4Workbench.createAndRunUI(E4Workbench.java:150)
	at org.eclipse.ui.internal.Workbench$5.run(Workbench.java:687)
	at org.eclipse.core.databinding.observable.Realm.runWithDefault(Realm.java:336)
	at org.eclipse.ui.internal.Workbench.createAndRunWorkbench(Workbench.java:604)
	at org.eclipse.ui.PlatformUI.createAndRunWorkbench(PlatformUI.java:148)
	at org.eclipse.ui.internal.ide.application.IDEApplication.start(IDEApplication.java:138)
	at org.eclipse.equinox.internal.app.EclipseAppHandle.run(EclipseAppHandle.java:196)
	at org.eclipse.core.runtime.internal.adaptor.EclipseAppLauncher.runApplication(EclipseAppLauncher.java:134)
	at org.eclipse.core.runtime.internal.adaptor.EclipseAppLauncher.start(EclipseAppLauncher.java:104)
	at org.eclipse.core.runtime.adaptor.EclipseStarter.run(EclipseStarter.java:388)
	at org.eclipse.core.runtime.adaptor.EclipseStarter.run(EclipseStarter.java:243)
	at sun.reflect.NativeMethodAccessorImpl.invoke0(Native Method)
	at sun.reflect.NativeMethodAccessorImpl.invoke(NativeMethodAccessorImpl.java:62)
	at sun.reflect.DelegatingMethodAccessorImpl.invoke(DelegatingMethodAccessorImpl.java:43)
	at java.lang.reflect.Method.invoke(Method.java:498)
	at org.eclipse.equinox.launcher.Main.invokeFramework(Main.java:673)
	at org.eclipse.equinox.launcher.Main.basicRun(Main.java:610)
	at org.eclipse.equinox.launcher.Main.run(Main.java:1519)
16:17:25 ERROR : (XSDB Server)ERROR: [Hsi 55-1487] Memory(microblaze_0_local_memory_ilmb_bram_if_cntlr_Mem_microblaze_0_local_memory_dlmb_bram_if_cntlr_Mem) not Big Enough

16:17:25 ERROR : (XSDB Server)ERROR: [Hsi 55-1487] Memory(microblaze_0_local_memory_ilmb_bram_if_cntlr_Mem_microblaze_0_local_memory_dlmb_bram_if_cntlr_Mem) not Big Enough
ERROR: [Hsi 55-1435] Error generating linker script

16:17:25 ERROR : (XSDB Server)ERROR: [Hsi 55-1438] Error running generate_app.

16:17:25 ERROR : Failed to call GENERATE_APP 
Reason: ERROR: [Common 17-39] 'hsi::generate_app' failed due to earlier errors.

16:17:25 ERROR : 
java.lang.RuntimeException: Failed to call GENERATE_APP 
Reason: ERROR: [Common 17-39] 'hsi::generate_app' failed due to earlier errors.

	at com.xilinx.sdk.xsdb.XsdbCommandUtils.handleResult(XsdbCommandUtils.java:372)
	at com.xilinx.sdk.xsdb.XsdbCommandUtils.executeAndRespond(XsdbCommandUtils.java:310)
	at com.xilinx.sdk.appwiz.internal.AppGen.generate(AppGen.java:555)
	at com.xilinx.sdk.appwiz.core.StandaloneProjectHandler.createCoreApp(StandaloneProjectHandler.java:107)
	at com.xilinx.sdk.appwiz.core.AppCreationHandler.createApplication(AppCreationHandler.java:131)
	at com.xilinx.sdk.appwiz.core.AppCreationHandler$1.run(AppCreationHandler.java:67)
	at org.eclipse.core.internal.resources.Workspace.run(Workspace.java:2240)
	at org.eclipse.core.internal.resources.Workspace.run(Workspace.java:2262)
	at com.xilinx.sdk.appwiz.core.AppCreationHandler.execute(AppCreationHandler.java:63)
	at com.xilinx.sdk.appwiz.ApplicationWizard.createNewProject(ApplicationWizard.java:118)
	at org.eclipse.cdt.ui.wizards.NewCProjectWizard.doRun(NewCProjectWizard.java:293)
	at org.eclipse.cdt.ui.wizards.NewCProjectWizard$1$1$1.run(NewCProjectWizard.java:235)
	at org.eclipse.ui.actions.WorkspaceModifyDelegatingOperation.execute(WorkspaceModifyDelegatingOperation.java:67)
	at org.eclipse.ui.actions.WorkspaceModifyOperation.lambda$0(WorkspaceModifyOperation.java:107)
	at org.eclipse.core.internal.resources.Workspace.run(Workspace.java:2240)
	at org.eclipse.core.internal.resources.Workspace.run(Workspace.java:2267)
	at org.eclipse.ui.actions.WorkspaceModifyOperation.run(WorkspaceModifyOperation.java:128)
	at org.eclipse.jface.operation.ModalContext.runInCurrentThread(ModalContext.java:437)
	at org.eclipse.jface.operation.ModalContext.run(ModalContext.java:353)
	at org.eclipse.jface.wizard.WizardDialog.run(WizardDialog.java:993)
	at org.eclipse.cdt.ui.wizards.NewCProjectWizard$1$1.run(NewCProjectWizard.java:245)
	at org.eclipse.ui.internal.UILockListener.doPendingWork(UILockListener.java:162)
	at org.eclipse.ui.internal.UISynchronizer$3.run(UISynchronizer.java:154)
	at org.eclipse.swt.widgets.RunnableLock.run(RunnableLock.java:35)
	at org.eclipse.swt.widgets.Synchronizer.runAsyncMessages(Synchronizer.java:182)
	at org.eclipse.swt.widgets.Display.runAsyncMessages(Display.java:4203)
	at org.eclipse.swt.widgets.Display.readAndDispatch(Display.java:3819)
	at org.eclipse.jface.operation.ModalContext$ModalContextThread.block(ModalContext.java:165)
	at org.eclipse.jface.operation.ModalContext.run(ModalContext.java:369)
	at org.eclipse.jface.wizard.WizardDialog.run(WizardDialog.java:993)
	at org.eclipse.cdt.ui.wizards.NewCProjectWizard.invokeRunnable(NewCProjectWizard.java:272)
	at org.eclipse.cdt.ui.wizards.NewCProjectWizard.performFinish(NewCProjectWizard.java:162)
	at com.xilinx.sdk.appwiz.ApplicationWizard.performFinish(ApplicationWizard.java:159)
	at org.eclipse.jface.wizard.WizardDialog.finishPressed(WizardDialog.java:790)
	at org.eclipse.jface.wizard.WizardDialog.buttonPressed(WizardDialog.java:423)
	at org.eclipse.jface.dialogs.Dialog$2.widgetSelected(Dialog.java:618)
	at org.eclipse.swt.widgets.TypedListener.handleEvent(TypedListener.java:249)
	at org.eclipse.swt.widgets.EventTable.sendEvent(EventTable.java:84)
	at org.eclipse.swt.widgets.Display.sendEvent(Display.java:4410)
	at org.eclipse.swt.widgets.Widget.sendEvent(Widget.java:1079)
	at org.eclipse.swt.widgets.Display.runDeferredEvents(Display.java:4228)
	at org.eclipse.swt.widgets.Display.readAndDispatch(Display.java:3816)
	at org.eclipse.jface.window.Window.runEventLoop(Window.java:818)
	at org.eclipse.jface.window.Window.open(Window.java:794)
	at org.eclipse.ui.internal.actions.NewWizardShortcutAction.run(NewWizardShortcutAction.java:133)
	at org.eclipse.jface.action.Action.runWithEvent(Action.java:473)
	at org.eclipse.jface.action.ActionContributionItem.handleWidgetSelection(ActionContributionItem.java:565)
	at org.eclipse.jface.action.ActionContributionItem.lambda$4(ActionContributionItem.java:397)
	at org.eclipse.swt.widgets.EventTable.sendEvent(EventTable.java:84)
	at org.eclipse.swt.widgets.Display.sendEvent(Display.java:4410)
	at org.eclipse.swt.widgets.Widget.sendEvent(Widget.java:1079)
	at org.eclipse.swt.widgets.Display.runDeferredEvents(Display.java:4228)
	at org.eclipse.swt.widgets.Display.readAndDispatch(Display.java:3816)
	at org.eclipse.e4.ui.internal.workbench.swt.PartRenderingEngine$4.run(PartRenderingEngine.java:1121)
	at org.eclipse.core.databinding.observable.Realm.runWithDefault(Realm.java:336)
	at org.eclipse.e4.ui.internal.workbench.swt.PartRenderingEngine.run(PartRenderingEngine.java:1022)
	at org.eclipse.e4.ui.internal.workbench.E4Workbench.createAndRunUI(E4Workbench.java:150)
	at org.eclipse.ui.internal.Workbench$5.run(Workbench.java:687)
	at org.eclipse.core.databinding.observable.Realm.runWithDefault(Realm.java:336)
	at org.eclipse.ui.internal.Workbench.createAndRunWorkbench(Workbench.java:604)
	at org.eclipse.ui.PlatformUI.createAndRunWorkbench(PlatformUI.java:148)
	at org.eclipse.ui.internal.ide.application.IDEApplication.start(IDEApplication.java:138)
	at org.eclipse.equinox.internal.app.EclipseAppHandle.run(EclipseAppHandle.java:196)
	at org.eclipse.core.runtime.internal.adaptor.EclipseAppLauncher.runApplication(EclipseAppLauncher.java:134)
	at org.eclipse.core.runtime.internal.adaptor.EclipseAppLauncher.start(EclipseAppLauncher.java:104)
	at org.eclipse.core.runtime.adaptor.EclipseStarter.run(EclipseStarter.java:388)
	at org.eclipse.core.runtime.adaptor.EclipseStarter.run(EclipseStarter.java:243)
	at sun.reflect.NativeMethodAccessorImpl.invoke0(Native Method)
	at sun.reflect.NativeMethodAccessorImpl.invoke(NativeMethodAccessorImpl.java:62)
	at sun.reflect.DelegatingMethodAccessorImpl.invoke(DelegatingMethodAccessorImpl.java:43)
	at java.lang.reflect.Method.invoke(Method.java:498)
	at org.eclipse.equinox.launcher.Main.invokeFramework(Main.java:673)
	at org.eclipse.equinox.launcher.Main.basicRun(Main.java:610)
	at org.eclipse.equinox.launcher.Main.run(Main.java:1519)
16:17:40 ERROR : Failed to call write_mss 
Reason: ERROR: [Common 17-176] Overwrite of existing file isn't enabled.  Please specify -force to overwrite file  [C:/Users/FemtoFluidics/Desktop/glue/glue.sdk/DMF_software_v2_bsp/system.mss]

16:25:08 INFO  : Connected to target on host '127.0.0.1' and port '3121'.
16:25:08 INFO  : 'targets -set -filter {jtag_cable_name =~ "Digilent Arty A7-35T 210319B0C55FA" && level==0} -index 0' command is executed.
16:25:09 INFO  : FPGA configured successfully with bitstream "C:/Users/FemtoFluidics/Desktop/glue/glue.sdk/DMF_Translation_wrapper_hw_platform_0/download.bit"
16:25:33 INFO  : 'targets -set -filter {jtag_cable_name =~ "Digilent Arty A7-35T 210319B0C55FA" && level==0} -index 0' command is executed.
16:25:33 INFO  : 'fpga -state' command is executed.
16:25:33 INFO  : Connected to target on host '127.0.0.1' and port '3121'.
16:25:33 INFO  : Jtag cable 'Digilent Arty A7-35T 210319B0C55FA' is selected.
16:25:33 INFO  : 'jtag frequency' command is executed.
16:25:33 INFO  : 'configparams mdm-detect-bscan-mask 2' command is executed.
16:25:33 INFO  : Context for processor 'DMF_processor' is selected.
16:25:34 INFO  : Processor reset is completed for 'DMF_processor'.
16:25:34 INFO  : Context for processor 'DMF_processor' is selected.
16:25:34 INFO  : The application 'C:/Users/FemtoFluidics/Desktop/glue/glue.sdk/DMF_software_v4/Debug/DMF_software_v4.elf' is downloaded to processor 'DMF_processor'.
16:25:34 INFO  : ----------------XSDB Script----------------
connect -url tcp:127.0.0.1:3121
configparams mdm-detect-bscan-mask 2
targets -set -nocase -filter {name =~ "microblaze*#0" && bscan=="USER2"  && jtag_cable_name =~ "Digilent Arty A7-35T 210319B0C55FA"} -index 0
rst -processor
targets -set -nocase -filter {name =~ "microblaze*#0" && bscan=="USER2"  && jtag_cable_name =~ "Digilent Arty A7-35T 210319B0C55FA"} -index 0
dow C:/Users/FemtoFluidics/Desktop/glue/glue.sdk/DMF_software_v4/Debug/DMF_software_v4.elf
----------------End of Script----------------

16:25:34 INFO  : Memory regions updated for context MicroBlaze #0
16:25:34 INFO  : Memory regions updated for context MicroBlaze Debug Module at USER2
16:25:34 INFO  : Context for processor 'DMF_processor' is selected.
16:25:34 INFO  : 'con' command is executed.
16:25:34 INFO  : ----------------XSDB Script (After Launch)----------------
targets -set -nocase -filter {name =~ "microblaze*#0" && bscan=="USER2"  && jtag_cable_name =~ "Digilent Arty A7-35T 210319B0C55FA"} -index 0
con
----------------End of Script----------------

16:25:34 INFO  : Launch script is exported to file 'C:\Users\FemtoFluidics\Desktop\glue\glue.sdk\.sdk\launch_scripts\xilinx_c-c++_application_(system_debugger)\system_debugger_using_debug_dmf_software_v4.elf_on_local.tcl'
16:27:15 INFO  : Disconnected from the channel tcfchan#1.
16:27:16 INFO  : 'targets -set -filter {jtag_cable_name =~ "Digilent Arty A7-35T 210319B0C55FA" && level==0} -index 0' command is executed.
16:27:16 INFO  : 'fpga -state' command is executed.
16:27:16 INFO  : Connected to target on host '127.0.0.1' and port '3121'.
16:27:16 INFO  : ----------------XSDB Script----------------
connect -url tcp:127.0.0.1:3121
----------------End of Script----------------

16:27:25 INFO  : 'targets -set -filter {jtag_cable_name =~ "Digilent Arty A7-35T 210319B0C55FA" && level==0} -index 0' command is executed.
16:27:25 INFO  : 'fpga -state' command is executed.
16:27:25 INFO  : Connected to target on host '127.0.0.1' and port '3121'.
16:27:25 INFO  : Jtag cable 'Digilent Arty A7-35T 210319B0C55FA' is selected.
16:27:25 INFO  : 'jtag frequency' command is executed.
16:27:25 INFO  : 'configparams mdm-detect-bscan-mask 2' command is executed.
16:27:25 INFO  : Context for processor 'DMF_processor' is selected.
16:27:25 INFO  : Processor reset is completed for 'DMF_processor'.
16:27:25 INFO  : Context for processor 'DMF_processor' is selected.
16:27:25 INFO  : The application 'C:/Users/FemtoFluidics/Desktop/glue/glue.sdk/DMF_software_v4/Debug/DMF_software_v4.elf' is downloaded to processor 'DMF_processor'.
16:27:25 INFO  : ----------------XSDB Script----------------
connect -url tcp:127.0.0.1:3121
configparams mdm-detect-bscan-mask 2
targets -set -nocase -filter {name =~ "microblaze*#0" && bscan=="USER2"  && jtag_cable_name =~ "Digilent Arty A7-35T 210319B0C55FA"} -index 0
rst -processor
targets -set -nocase -filter {name =~ "microblaze*#0" && bscan=="USER2"  && jtag_cable_name =~ "Digilent Arty A7-35T 210319B0C55FA"} -index 0
dow C:/Users/FemtoFluidics/Desktop/glue/glue.sdk/DMF_software_v4/Debug/DMF_software_v4.elf
----------------End of Script----------------

16:27:25 INFO  : Memory regions updated for context MicroBlaze #0
16:27:25 INFO  : Memory regions updated for context MicroBlaze Debug Module at USER2
16:27:25 INFO  : Context for processor 'DMF_processor' is selected.
16:27:25 INFO  : 'con' command is executed.
16:27:25 INFO  : ----------------XSDB Script (After Launch)----------------
targets -set -nocase -filter {name =~ "microblaze*#0" && bscan=="USER2"  && jtag_cable_name =~ "Digilent Arty A7-35T 210319B0C55FA"} -index 0
con
----------------End of Script----------------

16:27:25 INFO  : Launch script is exported to file 'C:\Users\FemtoFluidics\Desktop\glue\glue.sdk\.sdk\launch_scripts\xilinx_c-c++_application_(system_debugger)\system_debugger_using_debug_dmf_software_v4.elf_on_local.tcl'
16:27:40 INFO  : Disconnected from the channel tcfchan#2.
16:27:41 INFO  : 'targets -set -filter {jtag_cable_name =~ "Digilent Arty A7-35T 210319B0C55FA" && level==0} -index 0' command is executed.
16:27:41 INFO  : 'fpga -state' command is executed.
16:27:41 INFO  : Connected to target on host '127.0.0.1' and port '3121'.
16:27:42 INFO  : Jtag cable 'Digilent Arty A7-35T 210319B0C55FA' is selected.
16:27:42 INFO  : 'jtag frequency' command is executed.
16:27:42 INFO  : 'configparams mdm-detect-bscan-mask 2' command is executed.
16:27:42 INFO  : Context for processor 'DMF_processor' is selected.
16:27:42 INFO  : Processor reset is completed for 'DMF_processor'.
16:27:42 INFO  : Context for processor 'DMF_processor' is selected.
16:27:42 INFO  : The application 'C:/Users/FemtoFluidics/Desktop/glue/glue.sdk/DMF_software_v4/Debug/DMF_software_v4.elf' is downloaded to processor 'DMF_processor'.
16:27:42 INFO  : ----------------XSDB Script----------------
connect -url tcp:127.0.0.1:3121
configparams mdm-detect-bscan-mask 2
targets -set -nocase -filter {name =~ "microblaze*#0" && bscan=="USER2"  && jtag_cable_name =~ "Digilent Arty A7-35T 210319B0C55FA"} -index 0
rst -processor
targets -set -nocase -filter {name =~ "microblaze*#0" && bscan=="USER2"  && jtag_cable_name =~ "Digilent Arty A7-35T 210319B0C55FA"} -index 0
dow C:/Users/FemtoFluidics/Desktop/glue/glue.sdk/DMF_software_v4/Debug/DMF_software_v4.elf
----------------End of Script----------------

16:27:42 INFO  : Memory regions updated for context MicroBlaze #0
16:27:42 INFO  : Memory regions updated for context MicroBlaze Debug Module at USER2
16:27:42 INFO  : Context for processor 'DMF_processor' is selected.
16:27:42 INFO  : 'con' command is executed.
16:27:42 INFO  : ----------------XSDB Script (After Launch)----------------
targets -set -nocase -filter {name =~ "microblaze*#0" && bscan=="USER2"  && jtag_cable_name =~ "Digilent Arty A7-35T 210319B0C55FA"} -index 0
con
----------------End of Script----------------

16:27:42 INFO  : Launch script is exported to file 'C:\Users\FemtoFluidics\Desktop\glue\glue.sdk\.sdk\launch_scripts\xilinx_c-c++_application_(system_debugger)\system_debugger_using_debug_dmf_software_v4.elf_on_local.tcl'
16:28:21 INFO  : Disconnected from the channel tcfchan#3.
16:28:22 INFO  : 'targets -set -filter {jtag_cable_name =~ "Digilent Arty A7-35T 210319B0C55FA" && level==0} -index 0' command is executed.
16:28:22 INFO  : 'fpga -state' command is executed.
16:28:22 INFO  : Connected to target on host '127.0.0.1' and port '3121'.
16:28:22 INFO  : Jtag cable 'Digilent Arty A7-35T 210319B0C55FA' is selected.
16:28:22 INFO  : 'jtag frequency' command is executed.
16:28:22 INFO  : 'configparams mdm-detect-bscan-mask 2' command is executed.
16:28:22 INFO  : Context for processor 'DMF_processor' is selected.
16:28:22 INFO  : Processor reset is completed for 'DMF_processor'.
16:28:22 INFO  : Context for processor 'DMF_processor' is selected.
16:28:23 INFO  : The application 'C:/Users/FemtoFluidics/Desktop/glue/glue.sdk/DMF_software_v4/Debug/DMF_software_v4.elf' is downloaded to processor 'DMF_processor'.
16:28:23 INFO  : ----------------XSDB Script----------------
connect -url tcp:127.0.0.1:3121
configparams mdm-detect-bscan-mask 2
targets -set -nocase -filter {name =~ "microblaze*#0" && bscan=="USER2"  && jtag_cable_name =~ "Digilent Arty A7-35T 210319B0C55FA"} -index 0
rst -processor
targets -set -nocase -filter {name =~ "microblaze*#0" && bscan=="USER2"  && jtag_cable_name =~ "Digilent Arty A7-35T 210319B0C55FA"} -index 0
dow C:/Users/FemtoFluidics/Desktop/glue/glue.sdk/DMF_software_v4/Debug/DMF_software_v4.elf
----------------End of Script----------------

16:28:23 INFO  : Memory regions updated for context MicroBlaze #0
16:28:23 INFO  : Memory regions updated for context MicroBlaze Debug Module at USER2
16:28:23 INFO  : Context for processor 'DMF_processor' is selected.
16:28:23 INFO  : 'con' command is executed.
16:28:23 INFO  : ----------------XSDB Script (After Launch)----------------
targets -set -nocase -filter {name =~ "microblaze*#0" && bscan=="USER2"  && jtag_cable_name =~ "Digilent Arty A7-35T 210319B0C55FA"} -index 0
con
----------------End of Script----------------

16:28:23 INFO  : Launch script is exported to file 'C:\Users\FemtoFluidics\Desktop\glue\glue.sdk\.sdk\launch_scripts\xilinx_c-c++_application_(system_debugger)\system_debugger_using_debug_dmf_software_v4.elf_on_local.tcl'
16:28:32 INFO  : Disconnected from the channel tcfchan#4.
16:28:33 INFO  : 'targets -set -filter {jtag_cable_name =~ "Digilent Arty A7-35T 210319B0C55FA" && level==0} -index 0' command is executed.
16:28:33 INFO  : 'fpga -state' command is executed.
16:28:33 INFO  : Connected to target on host '127.0.0.1' and port '3121'.
16:28:33 INFO  : Jtag cable 'Digilent Arty A7-35T 210319B0C55FA' is selected.
16:28:33 INFO  : 'jtag frequency' command is executed.
16:28:33 INFO  : 'configparams mdm-detect-bscan-mask 2' command is executed.
16:28:33 INFO  : Context for processor 'DMF_processor' is selected.
16:28:33 INFO  : Processor reset is completed for 'DMF_processor'.
16:28:33 INFO  : Context for processor 'DMF_processor' is selected.
16:28:33 INFO  : The application 'C:/Users/FemtoFluidics/Desktop/glue/glue.sdk/DMF_software_v4/Debug/DMF_software_v4.elf' is downloaded to processor 'DMF_processor'.
16:28:33 INFO  : ----------------XSDB Script----------------
connect -url tcp:127.0.0.1:3121
configparams mdm-detect-bscan-mask 2
targets -set -nocase -filter {name =~ "microblaze*#0" && bscan=="USER2"  && jtag_cable_name =~ "Digilent Arty A7-35T 210319B0C55FA"} -index 0
rst -processor
targets -set -nocase -filter {name =~ "microblaze*#0" && bscan=="USER2"  && jtag_cable_name =~ "Digilent Arty A7-35T 210319B0C55FA"} -index 0
dow C:/Users/FemtoFluidics/Desktop/glue/glue.sdk/DMF_software_v4/Debug/DMF_software_v4.elf
----------------End of Script----------------

16:28:33 INFO  : Memory regions updated for context MicroBlaze #0
16:28:33 INFO  : Memory regions updated for context MicroBlaze Debug Module at USER2
16:28:33 INFO  : Context for processor 'DMF_processor' is selected.
16:28:33 INFO  : 'con' command is executed.
16:28:33 INFO  : ----------------XSDB Script (After Launch)----------------
targets -set -nocase -filter {name =~ "microblaze*#0" && bscan=="USER2"  && jtag_cable_name =~ "Digilent Arty A7-35T 210319B0C55FA"} -index 0
con
----------------End of Script----------------

16:28:33 INFO  : Launch script is exported to file 'C:\Users\FemtoFluidics\Desktop\glue\glue.sdk\.sdk\launch_scripts\xilinx_c-c++_application_(system_debugger)\system_debugger_using_debug_dmf_software_v4.elf_on_local.tcl'
16:28:52 INFO  : Disconnected from the channel tcfchan#5.
16:28:53 INFO  : 'targets -set -filter {jtag_cable_name =~ "Digilent Arty A7-35T 210319B0C55FA" && level==0} -index 0' command is executed.
16:28:53 INFO  : 'fpga -state' command is executed.
16:28:53 INFO  : Connected to target on host '127.0.0.1' and port '3121'.
16:28:53 INFO  : Jtag cable 'Digilent Arty A7-35T 210319B0C55FA' is selected.
16:28:53 INFO  : 'jtag frequency' command is executed.
16:28:53 INFO  : 'configparams mdm-detect-bscan-mask 2' command is executed.
16:28:53 INFO  : Context for processor 'DMF_processor' is selected.
16:28:53 INFO  : Processor reset is completed for 'DMF_processor'.
16:28:53 INFO  : Context for processor 'DMF_processor' is selected.
16:28:53 INFO  : The application 'C:/Users/FemtoFluidics/Desktop/glue/glue.sdk/DMF_software_v4/Debug/DMF_software_v4.elf' is downloaded to processor 'DMF_processor'.
16:28:53 INFO  : ----------------XSDB Script----------------
connect -url tcp:127.0.0.1:3121
configparams mdm-detect-bscan-mask 2
targets -set -nocase -filter {name =~ "microblaze*#0" && bscan=="USER2"  && jtag_cable_name =~ "Digilent Arty A7-35T 210319B0C55FA"} -index 0
rst -processor
targets -set -nocase -filter {name =~ "microblaze*#0" && bscan=="USER2"  && jtag_cable_name =~ "Digilent Arty A7-35T 210319B0C55FA"} -index 0
dow C:/Users/FemtoFluidics/Desktop/glue/glue.sdk/DMF_software_v4/Debug/DMF_software_v4.elf
----------------End of Script----------------

16:28:53 INFO  : Memory regions updated for context MicroBlaze #0
16:28:53 INFO  : Memory regions updated for context MicroBlaze Debug Module at USER2
16:28:53 INFO  : Context for processor 'DMF_processor' is selected.
16:28:53 INFO  : 'con' command is executed.
16:28:53 INFO  : ----------------XSDB Script (After Launch)----------------
targets -set -nocase -filter {name =~ "microblaze*#0" && bscan=="USER2"  && jtag_cable_name =~ "Digilent Arty A7-35T 210319B0C55FA"} -index 0
con
----------------End of Script----------------

16:28:53 INFO  : Launch script is exported to file 'C:\Users\FemtoFluidics\Desktop\glue\glue.sdk\.sdk\launch_scripts\xilinx_c-c++_application_(system_debugger)\system_debugger_using_debug_dmf_software_v4.elf_on_local.tcl'
16:30:29 INFO  : Connected to target on host '127.0.0.1' and port '3121'.
16:30:29 INFO  : 'targets -set -filter {jtag_cable_name =~ "Digilent Arty A7-35T 210319B0C55FA" && level==0} -index 0' command is executed.
16:30:30 INFO  : FPGA configured successfully with bitstream "C:/Users/FemtoFluidics/Desktop/glue/glue.sdk/DMF_Translation_wrapper_hw_platform_0/download.bit"
16:30:35 INFO  : Disconnected from the channel tcfchan#6.
16:30:36 INFO  : 'targets -set -filter {jtag_cable_name =~ "Digilent Arty A7-35T 210319B0C55FA" && level==0} -index 0' command is executed.
16:30:36 INFO  : 'fpga -state' command is executed.
16:30:36 INFO  : Connected to target on host '127.0.0.1' and port '3121'.
16:30:36 INFO  : Jtag cable 'Digilent Arty A7-35T 210319B0C55FA' is selected.
16:30:36 INFO  : 'jtag frequency' command is executed.
16:30:36 INFO  : 'configparams mdm-detect-bscan-mask 2' command is executed.
16:30:36 INFO  : Context for processor 'DMF_processor' is selected.
16:30:36 INFO  : Processor reset is completed for 'DMF_processor'.
16:30:36 INFO  : Context for processor 'DMF_processor' is selected.
16:30:36 INFO  : The application 'C:/Users/FemtoFluidics/Desktop/glue/glue.sdk/DMF_software_v4/Debug/DMF_software_v4.elf' is downloaded to processor 'DMF_processor'.
16:30:36 INFO  : ----------------XSDB Script----------------
connect -url tcp:127.0.0.1:3121
configparams mdm-detect-bscan-mask 2
targets -set -nocase -filter {name =~ "microblaze*#0" && bscan=="USER2"  && jtag_cable_name =~ "Digilent Arty A7-35T 210319B0C55FA"} -index 0
rst -processor
targets -set -nocase -filter {name =~ "microblaze*#0" && bscan=="USER2"  && jtag_cable_name =~ "Digilent Arty A7-35T 210319B0C55FA"} -index 0
dow C:/Users/FemtoFluidics/Desktop/glue/glue.sdk/DMF_software_v4/Debug/DMF_software_v4.elf
----------------End of Script----------------

16:30:36 INFO  : Memory regions updated for context MicroBlaze #0
16:30:36 INFO  : Memory regions updated for context MicroBlaze Debug Module at USER2
16:30:36 INFO  : Context for processor 'DMF_processor' is selected.
16:30:36 INFO  : 'con' command is executed.
16:30:36 INFO  : ----------------XSDB Script (After Launch)----------------
targets -set -nocase -filter {name =~ "microblaze*#0" && bscan=="USER2"  && jtag_cable_name =~ "Digilent Arty A7-35T 210319B0C55FA"} -index 0
con
----------------End of Script----------------

16:30:36 INFO  : Launch script is exported to file 'C:\Users\FemtoFluidics\Desktop\glue\glue.sdk\.sdk\launch_scripts\xilinx_c-c++_application_(system_debugger)\system_debugger_using_debug_dmf_software_v4.elf_on_local.tcl'
13:06:22 INFO  : Launching XSCT server: xsct.bat -interactive C:\Users\FemtoFluidics\Desktop\glue\glue.sdk\temp_xsdb_launch_script.tcl
13:15:43 INFO  : Registering command handlers for SDK TCF services
13:15:44 INFO  : Launching XSCT server: xsct.bat -interactive C:\Users\chase\OneDrive\Documents\GitHub\vivadoRepo\glue\glue.sdk\temp_xsdb_launch_script.tcl
13:15:48 INFO  : XSCT server has started successfully.
13:15:53 INFO  : Successfully done setting XSCT server connection channel  
13:15:53 INFO  : Successfully done setting SDK workspace  
13:15:53 INFO  : Processing command line option -hwspec C:/Users/chase/OneDrive/Documents/GitHub/vivadoRepo/glue/glue.sdk/DMF_Translation_wrapper.hdf.
13:17:09 INFO  : Registering command handlers for SDK TCF services
13:17:10 INFO  : Launching XSCT server: xsct.bat -interactive C:\Users\chase\OneDrive\Documents\GitHub\vivadoRepo\glue\glue.sdk\temp_xsdb_launch_script.tcl
13:17:12 INFO  : XSCT server has started successfully.
13:17:12 INFO  : Successfully done setting XSCT server connection channel  
13:17:12 INFO  : Successfully done setting SDK workspace  
13:17:12 INFO  : Processing command line option -hwspec C:/Users/chase/OneDrive/Documents/GitHub/vivadoRepo/glue/glue.sdk/DMF_Translation_wrapper.hdf.
13:17:12 INFO  : Checking for hwspec changes in the project DMF_Translation_wrapper_hw_platform_1.
14:45:31 INFO  : Registering command handlers for SDK TCF services
14:45:32 INFO  : Launching XSCT server: xsct.bat -interactive C:\Users\FemtoFluidics\Documents\GitHub\vivadoRepository1\glue\glue.sdk\temp_xsdb_launch_script.tcl
14:45:34 INFO  : XSCT server has started successfully.
14:45:36 INFO  : Successfully done setting XSCT server connection channel  
14:45:36 INFO  : Successfully done setting SDK workspace  
14:45:36 INFO  : Processing command line option -hwspec C:/Users/FemtoFluidics/Documents/GitHub/vivadoRepository1/glue/glue.sdk/DMF_Translation_wrapper.hdf.
13:25:12 INFO  : Registering command handlers for SDK TCF services
13:25:13 INFO  : Launching XSCT server: xsct.bat -interactive C:\Users\FemtoFluidics\Documents\GitHub\vivadoRepository1\glue\glue.sdk\temp_xsdb_launch_script.tcl
13:25:15 INFO  : XSCT server has started successfully.
13:25:15 INFO  : Successfully done setting XSCT server connection channel  
13:25:17 INFO  : Successfully done setting SDK workspace  
13:25:49 INFO  : Connected to target on host '127.0.0.1' and port '3121'.
13:25:49 INFO  : 'targets -set -filter {jtag_cable_name =~ "Digilent Arty A7-35T 210319B0C55FA" && level==0} -index 0' command is executed.
13:25:50 INFO  : FPGA configured successfully with bitstream "C:/Users/FemtoFluidics/Documents/GitHub/vivadoRepository1/glue/glue.sdk/DMF_Translation_wrapper_hw_platform_0/download.bit"
13:25:59 INFO  : 'targets -set -filter {jtag_cable_name =~ "Digilent Arty A7-35T 210319B0C55FA" && level==0} -index 0' command is executed.
13:25:59 INFO  : 'fpga -state' command is executed.
13:25:59 INFO  : Connected to target on host '127.0.0.1' and port '3121'.
13:25:59 INFO  : Jtag cable 'Digilent Arty A7-35T 210319B0C55FA' is selected.
13:25:59 INFO  : 'jtag frequency' command is executed.
13:25:59 INFO  : 'configparams mdm-detect-bscan-mask 2' command is executed.
13:25:59 INFO  : Context for processor 'DMF_processor' is selected.
13:25:59 INFO  : Processor reset is completed for 'DMF_processor'.
13:25:59 INFO  : Context for processor 'DMF_processor' is selected.
13:25:59 INFO  : The application 'C:/Users/FemtoFluidics/Documents/GitHub/vivadoRepository1/glue/glue.sdk/DMF_software_v4/Debug/DMF_software_v4.elf' is downloaded to processor 'DMF_processor'.
13:25:59 INFO  : ----------------XSDB Script----------------
connect -url tcp:127.0.0.1:3121
configparams mdm-detect-bscan-mask 2
targets -set -nocase -filter {name =~ "microblaze*#0" && bscan=="USER2"  && jtag_cable_name =~ "Digilent Arty A7-35T 210319B0C55FA"} -index 0
rst -processor
targets -set -nocase -filter {name =~ "microblaze*#0" && bscan=="USER2"  && jtag_cable_name =~ "Digilent Arty A7-35T 210319B0C55FA"} -index 0
dow C:/Users/FemtoFluidics/Documents/GitHub/vivadoRepository1/glue/glue.sdk/DMF_software_v4/Debug/DMF_software_v4.elf
----------------End of Script----------------

13:25:59 INFO  : Memory regions updated for context MicroBlaze #0
13:25:59 INFO  : Memory regions updated for context MicroBlaze Debug Module at USER2
13:25:59 INFO  : Context for processor 'DMF_processor' is selected.
13:25:59 INFO  : 'con' command is executed.
13:25:59 INFO  : ----------------XSDB Script (After Launch)----------------
targets -set -nocase -filter {name =~ "microblaze*#0" && bscan=="USER2"  && jtag_cable_name =~ "Digilent Arty A7-35T 210319B0C55FA"} -index 0
con
----------------End of Script----------------

13:25:59 INFO  : Launch script is exported to file 'C:\Users\FemtoFluidics\Documents\GitHub\vivadoRepository1\glue\glue.sdk\.sdk\launch_scripts\xilinx_c-c++_application_(system_debugger)\system_debugger_using_debug_dmf_software_v4.elf_on_local.tcl'
13:29:39 INFO  : Disconnected from the channel tcfchan#1.
13:30:31 INFO  : Registering command handlers for SDK TCF services
13:30:32 INFO  : Launching XSCT server: xsct.bat -interactive C:\Users\FemtoFluidics\Documents\GitHub\vivadoRepository1\glue\glue.sdk\temp_xsdb_launch_script.tcl
13:30:34 INFO  : XSCT server has started successfully.
13:30:34 INFO  : Successfully done setting XSCT server connection channel  
13:30:34 INFO  : Successfully done setting SDK workspace  
13:36:36 INFO  : Connected to target on host '127.0.0.1' and port '3121'.
13:38:05 INFO  : Registering command handlers for SDK TCF services
13:38:06 INFO  : Launching XSCT server: xsct.bat -interactive C:\Users\FemtoFluidics\Documents\GitHub\vivadoRepository1\glue\glue.sdk\temp_xsdb_launch_script.tcl
13:38:08 INFO  : XSCT server has started successfully.
13:38:08 INFO  : Successfully done setting XSCT server connection channel  
13:38:08 INFO  : Successfully done setting SDK workspace  
13:38:08 INFO  : Processing command line option -hwspec C:/Users/FemtoFluidics/Documents/GitHub/vivadoRepository1/glue/glue.sdk/DMF_Translation_wrapper.hdf.
13:58:30 INFO  : Registering command handlers for SDK TCF services
13:58:31 INFO  : Launching XSCT server: xsct.bat -interactive C:\Users\FemtoFluidics\Documents\GitHub\vivadoRepository1\glue\glue.sdk\temp_xsdb_launch_script.tcl
13:58:33 INFO  : XSCT server has started successfully.
13:58:33 INFO  : Successfully done setting XSCT server connection channel  
13:58:33 INFO  : Successfully done setting SDK workspace  
13:58:33 INFO  : Processing command line option -hwspec C:/Users/FemtoFluidics/Documents/GitHub/vivadoRepository1/glue/glue.sdk/DMF_Translation_wrapper.hdf.
13:59:28 ERROR : (XSDB Server)ERROR: [Hsi 55-1487] Memory(microblaze_0_local_memory_ilmb_bram_if_cntlr_Mem_microblaze_0_local_memory_dlmb_bram_if_cntlr_Mem) not Big Enough

13:59:28 ERROR : (XSDB Server)ERROR: [Hsi 55-1487] Memory(microblaze_0_local_memory_ilmb_bram_if_cntlr_Mem_microblaze_0_local_memory_dlmb_bram_if_cntlr_Mem) not Big Enough
ERROR: [Hsi 55-1435] Error generating linker script
ERROR: [Hsi 55-1438] Error running generate_app.

13:59:28 ERROR : Failed to call GENERATE_APP 
Reason: ERROR: [Common 17-39] 'hsi::generate_app' failed due to earlier errors.

13:59:28 ERROR : 
java.lang.RuntimeException: Failed to call GENERATE_APP 
Reason: ERROR: [Common 17-39] 'hsi::generate_app' failed due to earlier errors.

	at com.xilinx.sdk.xsdb.XsdbCommandUtils.handleResult(XsdbCommandUtils.java:372)
	at com.xilinx.sdk.xsdb.XsdbCommandUtils.executeAndRespond(XsdbCommandUtils.java:310)
	at com.xilinx.sdk.appwiz.internal.AppGen.generate(AppGen.java:555)
	at com.xilinx.sdk.appwiz.core.StandaloneProjectHandler.createCoreApp(StandaloneProjectHandler.java:107)
	at com.xilinx.sdk.appwiz.core.AppCreationHandler.createApplication(AppCreationHandler.java:131)
	at com.xilinx.sdk.appwiz.core.AppCreationHandler$1.run(AppCreationHandler.java:67)
	at org.eclipse.core.internal.resources.Workspace.run(Workspace.java:2240)
	at org.eclipse.core.internal.resources.Workspace.run(Workspace.java:2262)
	at com.xilinx.sdk.appwiz.core.AppCreationHandler.execute(AppCreationHandler.java:63)
	at com.xilinx.sdk.appwiz.ApplicationWizard.createNewProject(ApplicationWizard.java:118)
	at org.eclipse.cdt.ui.wizards.NewCProjectWizard.doRun(NewCProjectWizard.java:293)
	at org.eclipse.cdt.ui.wizards.NewCProjectWizard$1$1$1.run(NewCProjectWizard.java:235)
	at org.eclipse.ui.actions.WorkspaceModifyDelegatingOperation.execute(WorkspaceModifyDelegatingOperation.java:67)
	at org.eclipse.ui.actions.WorkspaceModifyOperation.lambda$0(WorkspaceModifyOperation.java:107)
	at org.eclipse.core.internal.resources.Workspace.run(Workspace.java:2240)
	at org.eclipse.core.internal.resources.Workspace.run(Workspace.java:2267)
	at org.eclipse.ui.actions.WorkspaceModifyOperation.run(WorkspaceModifyOperation.java:128)
	at org.eclipse.jface.operation.ModalContext.runInCurrentThread(ModalContext.java:437)
	at org.eclipse.jface.operation.ModalContext.run(ModalContext.java:353)
	at org.eclipse.jface.wizard.WizardDialog.run(WizardDialog.java:993)
	at org.eclipse.cdt.ui.wizards.NewCProjectWizard$1$1.run(NewCProjectWizard.java:245)
	at org.eclipse.ui.internal.UILockListener.doPendingWork(UILockListener.java:162)
	at org.eclipse.ui.internal.UISynchronizer$3.run(UISynchronizer.java:154)
	at org.eclipse.swt.widgets.RunnableLock.run(RunnableLock.java:35)
	at org.eclipse.swt.widgets.Synchronizer.runAsyncMessages(Synchronizer.java:182)
	at org.eclipse.swt.widgets.Display.runAsyncMessages(Display.java:4203)
	at org.eclipse.swt.widgets.Display.readAndDispatch(Display.java:3819)
	at org.eclipse.jface.operation.ModalContext$ModalContextThread.block(ModalContext.java:165)
	at org.eclipse.jface.operation.ModalContext.run(ModalContext.java:369)
	at org.eclipse.jface.wizard.WizardDialog.run(WizardDialog.java:993)
	at org.eclipse.cdt.ui.wizards.NewCProjectWizard.invokeRunnable(NewCProjectWizard.java:272)
	at org.eclipse.cdt.ui.wizards.NewCProjectWizard.performFinish(NewCProjectWizard.java:162)
	at com.xilinx.sdk.appwiz.ApplicationWizard.performFinish(ApplicationWizard.java:159)
	at org.eclipse.jface.wizard.WizardDialog.finishPressed(WizardDialog.java:790)
	at org.eclipse.jface.wizard.WizardDialog.buttonPressed(WizardDialog.java:423)
	at org.eclipse.jface.dialogs.Dialog$2.widgetSelected(Dialog.java:618)
	at org.eclipse.swt.widgets.TypedListener.handleEvent(TypedListener.java:249)
	at org.eclipse.swt.widgets.EventTable.sendEvent(EventTable.java:84)
	at org.eclipse.swt.widgets.Display.sendEvent(Display.java:4410)
	at org.eclipse.swt.widgets.Widget.sendEvent(Widget.java:1079)
	at org.eclipse.swt.widgets.Display.runDeferredEvents(Display.java:4228)
	at org.eclipse.swt.widgets.Display.readAndDispatch(Display.java:3816)
	at org.eclipse.jface.window.Window.runEventLoop(Window.java:818)
	at org.eclipse.jface.window.Window.open(Window.java:794)
	at org.eclipse.ui.internal.actions.NewWizardShortcutAction.run(NewWizardShortcutAction.java:133)
	at org.eclipse.jface.action.Action.runWithEvent(Action.java:473)
	at org.eclipse.jface.action.ActionContributionItem.handleWidgetSelection(ActionContributionItem.java:565)
	at org.eclipse.jface.action.ActionContributionItem.lambda$4(ActionContributionItem.java:397)
	at org.eclipse.swt.widgets.EventTable.sendEvent(EventTable.java:84)
	at org.eclipse.swt.widgets.Display.sendEvent(Display.java:4410)
	at org.eclipse.swt.widgets.Widget.sendEvent(Widget.java:1079)
	at org.eclipse.swt.widgets.Display.runDeferredEvents(Display.java:4228)
	at org.eclipse.swt.widgets.Display.readAndDispatch(Display.java:3816)
	at org.eclipse.e4.ui.internal.workbench.swt.PartRenderingEngine$4.run(PartRenderingEngine.java:1121)
	at org.eclipse.core.databinding.observable.Realm.runWithDefault(Realm.java:336)
	at org.eclipse.e4.ui.internal.workbench.swt.PartRenderingEngine.run(PartRenderingEngine.java:1022)
	at org.eclipse.e4.ui.internal.workbench.E4Workbench.createAndRunUI(E4Workbench.java:150)
	at org.eclipse.ui.internal.Workbench$5.run(Workbench.java:687)
	at org.eclipse.core.databinding.observable.Realm.runWithDefault(Realm.java:336)
	at org.eclipse.ui.internal.Workbench.createAndRunWorkbench(Workbench.java:604)
	at org.eclipse.ui.PlatformUI.createAndRunWorkbench(PlatformUI.java:148)
	at org.eclipse.ui.internal.ide.application.IDEApplication.start(IDEApplication.java:138)
	at org.eclipse.equinox.internal.app.EclipseAppHandle.run(EclipseAppHandle.java:196)
	at org.eclipse.core.runtime.internal.adaptor.EclipseAppLauncher.runApplication(EclipseAppLauncher.java:134)
	at org.eclipse.core.runtime.internal.adaptor.EclipseAppLauncher.start(EclipseAppLauncher.java:104)
	at org.eclipse.core.runtime.adaptor.EclipseStarter.run(EclipseStarter.java:388)
	at org.eclipse.core.runtime.adaptor.EclipseStarter.run(EclipseStarter.java:243)
	at sun.reflect.NativeMethodAccessorImpl.invoke0(Native Method)
	at sun.reflect.NativeMethodAccessorImpl.invoke(NativeMethodAccessorImpl.java:62)
	at sun.reflect.DelegatingMethodAccessorImpl.invoke(DelegatingMethodAccessorImpl.java:43)
	at java.lang.reflect.Method.invoke(Method.java:498)
	at org.eclipse.equinox.launcher.Main.invokeFramework(Main.java:673)
	at org.eclipse.equinox.launcher.Main.basicRun(Main.java:610)
	at org.eclipse.equinox.launcher.Main.run(Main.java:1519)
13:59:51 ERROR : Failed to call write_mss 
Reason: ERROR: [Common 17-176] Overwrite of existing file isn't enabled.  Please specify -force to overwrite file  [C:/Users/FemtoFluidics/Documents/GitHub/vivadoRepository1/glue/glue.sdk/testingMore_bsp/system.mss]

14:00:00 ERROR : Failed to call write_mss 
Reason: ERROR: [Common 17-176] Overwrite of existing file isn't enabled.  Please specify -force to overwrite file  [C:/Users/FemtoFluidics/Documents/GitHub/vivadoRepository1/glue/glue.sdk/testingMore_bsp/system.mss]

14:00:04 ERROR : Failed to call write_mss 
Reason: ERROR: [Common 17-176] Overwrite of existing file isn't enabled.  Please specify -force to overwrite file  [C:/Users/FemtoFluidics/Documents/GitHub/vivadoRepository1/glue/glue.sdk/testingMore_bsp/system.mss]

