14:56:23 INFO  : Registering command handlers for SDK TCF services
14:56:24 INFO  : Launching XSCT server: xsct.bat -interactive C:\Users\FemtoFluidics\Documents\GitHub\vivadoRepository1\communicate-and-output\communicate-and-output.sdk\temp_xsdb_launch_script.tcl
14:56:26 INFO  : XSCT server has started successfully.
14:56:26 INFO  : Successfully done setting XSCT server connection channel  
14:56:26 INFO  : Successfully done setting SDK workspace  
14:56:26 INFO  : Processing command line option -hwspec C:/Users/FemtoFluidics/Documents/GitHub/vivadoRepository1/communicate-and-output/communicate-and-output.sdk/uBlaze_wrapper.hdf.
14:58:18 INFO  : Connected to target on host '127.0.0.1' and port '3121'.
14:58:18 INFO  : 'targets -set -filter {jtag_cable_name =~ "Digilent Arty A7-35T 210319B0C55FA" && level==0} -index 0' command is executed.
14:58:19 INFO  : FPGA configured successfully with bitstream "C:/Users/FemtoFluidics/Documents/GitHub/vivadoRepository1/communicate-and-output/communicate-and-output.sdk/uBlaze_wrapper_hw_platform_0/download.bit"
14:58:31 INFO  : 'targets -set -filter {jtag_cable_name =~ "Digilent Arty A7-35T 210319B0C55FA" && level==0} -index 0' command is executed.
14:58:31 INFO  : 'fpga -state' command is executed.
14:58:31 INFO  : Connected to target on host '127.0.0.1' and port '3121'.
14:58:31 INFO  : Jtag cable 'Digilent Arty A7-35T 210319B0C55FA' is selected.
14:58:31 INFO  : 'jtag frequency' command is executed.
14:58:31 INFO  : 'configparams mdm-detect-bscan-mask 2' command is executed.
14:58:31 INFO  : Context for processor 'microblaze_0' is selected.
14:58:31 INFO  : Processor reset is completed for 'microblaze_0'.
14:58:31 INFO  : Context for processor 'microblaze_0' is selected.
14:58:32 INFO  : The application 'C:/Users/FemtoFluidics/Documents/GitHub/vivadoRepository1/communicate-and-output/communicate-and-output.sdk/commSoftware/Debug/commSoftware.elf' is downloaded to processor 'microblaze_0'.
14:58:32 INFO  : ----------------XSDB Script----------------
connect -url tcp:127.0.0.1:3121
configparams mdm-detect-bscan-mask 2
targets -set -nocase -filter {name =~ "microblaze*#0" && bscan=="USER2"  && jtag_cable_name =~ "Digilent Arty A7-35T 210319B0C55FA"} -index 0
rst -processor
targets -set -nocase -filter {name =~ "microblaze*#0" && bscan=="USER2"  && jtag_cable_name =~ "Digilent Arty A7-35T 210319B0C55FA"} -index 0
dow C:/Users/FemtoFluidics/Documents/GitHub/vivadoRepository1/communicate-and-output/communicate-and-output.sdk/commSoftware/Debug/commSoftware.elf
----------------End of Script----------------

14:58:32 INFO  : Memory regions updated for context MicroBlaze #0
14:58:32 INFO  : Memory regions updated for context MicroBlaze Debug Module at USER2
14:58:32 INFO  : Context for processor 'microblaze_0' is selected.
14:58:32 INFO  : 'con' command is executed.
14:58:32 INFO  : ----------------XSDB Script (After Launch)----------------
targets -set -nocase -filter {name =~ "microblaze*#0" && bscan=="USER2"  && jtag_cable_name =~ "Digilent Arty A7-35T 210319B0C55FA"} -index 0
con
----------------End of Script----------------

14:58:32 INFO  : Launch script is exported to file 'C:\Users\FemtoFluidics\Documents\GitHub\vivadoRepository1\communicate-and-output\communicate-and-output.sdk\.sdk\launch_scripts\xilinx_c-c++_application_(system_debugger)\system_debugger_using_debug_commsoftware.elf_on_local.tcl'
14:58:59 INFO  : Disconnected from the channel tcfchan#1.
14:59:00 INFO  : 'targets -set -filter {jtag_cable_name =~ "Digilent Arty A7-35T 210319B0C55FA" && level==0} -index 0' command is executed.
14:59:00 INFO  : 'fpga -state' command is executed.
14:59:00 INFO  : Connected to target on host '127.0.0.1' and port '3121'.
14:59:00 INFO  : Jtag cable 'Digilent Arty A7-35T 210319B0C55FA' is selected.
14:59:00 INFO  : 'jtag frequency' command is executed.
14:59:00 INFO  : 'configparams mdm-detect-bscan-mask 2' command is executed.
14:59:00 INFO  : Context for processor 'microblaze_0' is selected.
14:59:00 INFO  : Processor reset is completed for 'microblaze_0'.
14:59:00 INFO  : Context for processor 'microblaze_0' is selected.
14:59:00 INFO  : The application 'C:/Users/FemtoFluidics/Documents/GitHub/vivadoRepository1/communicate-and-output/communicate-and-output.sdk/commSoftware/Debug/commSoftware.elf' is downloaded to processor 'microblaze_0'.
14:59:00 INFO  : ----------------XSDB Script----------------
connect -url tcp:127.0.0.1:3121
configparams mdm-detect-bscan-mask 2
targets -set -nocase -filter {name =~ "microblaze*#0" && bscan=="USER2"  && jtag_cable_name =~ "Digilent Arty A7-35T 210319B0C55FA"} -index 0
rst -processor
targets -set -nocase -filter {name =~ "microblaze*#0" && bscan=="USER2"  && jtag_cable_name =~ "Digilent Arty A7-35T 210319B0C55FA"} -index 0
dow C:/Users/FemtoFluidics/Documents/GitHub/vivadoRepository1/communicate-and-output/communicate-and-output.sdk/commSoftware/Debug/commSoftware.elf
----------------End of Script----------------

14:59:00 INFO  : Memory regions updated for context MicroBlaze #0
14:59:00 INFO  : Memory regions updated for context MicroBlaze Debug Module at USER2
14:59:00 INFO  : Context for processor 'microblaze_0' is selected.
14:59:00 INFO  : 'con' command is executed.
14:59:00 INFO  : ----------------XSDB Script (After Launch)----------------
targets -set -nocase -filter {name =~ "microblaze*#0" && bscan=="USER2"  && jtag_cable_name =~ "Digilent Arty A7-35T 210319B0C55FA"} -index 0
con
----------------End of Script----------------

14:59:00 INFO  : Launch script is exported to file 'C:\Users\FemtoFluidics\Documents\GitHub\vivadoRepository1\communicate-and-output\communicate-and-output.sdk\.sdk\launch_scripts\xilinx_c-c++_application_(system_debugger)\system_debugger_using_debug_commsoftware.elf_on_local.tcl'
17:53:16 INFO  : Disconnected from the channel tcfchan#2.
